2023-02-20 23:04:46,523 INFO o.s.t.c.s.AbstractTestContextBootstrapper [main] Neither @ContextConfiguration nor @ContextHierarchy found for test class [com.example.tortland.controller.OrderControllerTest], using SpringBootContextLoader
2023-02-20 23:04:46,528 INFO o.s.t.c.s.AbstractContextLoader [main] Could not detect default resource locations for test class [com.example.tortland.controller.OrderControllerTest]: no resource found for suffixes {-context.xml, Context.groovy}.
2023-02-20 23:04:46,529 INFO o.s.t.c.s.AnnotationConfigContextLoaderUtils [main] Could not detect default configuration classes for test class [com.example.tortland.controller.OrderControllerTest]: OrderControllerTest does not declare any static, non-private, non-final, nested classes annotated with @Configuration.
2023-02-20 23:04:46,611 INFO o.s.b.t.c.SpringBootTestContextBootstrapper [main] Found @SpringBootConfiguration com.example.tortland.TortLandApplication for test class com.example.tortland.controller.OrderControllerTest
2023-02-20 23:04:46,667 INFO o.s.t.c.s.AbstractTestContextBootstrapper [main] Loaded default TestExecutionListener class names from location [META-INF/spring.factories]: [org.springframework.boot.test.mock.mockito.MockitoTestExecutionListener, org.springframework.boot.test.mock.mockito.ResetMocksTestExecutionListener, org.springframework.boot.test.autoconfigure.restdocs.RestDocsTestExecutionListener, org.springframework.boot.test.autoconfigure.web.client.MockRestServiceServerResetTestExecutionListener, org.springframework.boot.test.autoconfigure.web.servlet.MockMvcPrintOnlyOnFailureTestExecutionListener, org.springframework.boot.test.autoconfigure.web.servlet.WebDriverTestExecutionListener, org.springframework.boot.test.autoconfigure.webservices.client.MockWebServiceServerTestExecutionListener, org.springframework.test.context.web.ServletTestExecutionListener, org.springframework.test.context.support.DirtiesContextBeforeModesTestExecutionListener, org.springframework.test.context.event.ApplicationEventsTestExecutionListener, org.springframework.test.context.support.DependencyInjectionTestExecutionListener, org.springframework.test.context.support.DirtiesContextTestExecutionListener, org.springframework.test.context.transaction.TransactionalTestExecutionListener, org.springframework.test.context.jdbc.SqlScriptsTestExecutionListener, org.springframework.test.context.event.EventPublishingTestExecutionListener, org.springframework.security.test.context.support.WithSecurityContextTestExecutionListener, org.springframework.security.test.context.support.ReactorContextTestExecutionListener]
2023-02-20 23:04:46,678 INFO o.s.t.c.s.AbstractTestContextBootstrapper [main] Using TestExecutionListeners: [org.springframework.test.context.web.ServletTestExecutionListener@6134ac4a, org.springframework.test.context.support.DirtiesContextBeforeModesTestExecutionListener@777c9dc9, org.springframework.test.context.event.ApplicationEventsTestExecutionListener@71b1a49c, org.springframework.boot.test.mock.mockito.MockitoTestExecutionListener@73e132e0, org.springframework.boot.test.autoconfigure.SpringBootDependencyInjectionTestExecutionListener@3773862a, org.springframework.test.context.support.DirtiesContextTestExecutionListener@2472c7d8, org.springframework.test.context.transaction.TransactionalTestExecutionListener@589b028e, org.springframework.test.context.jdbc.SqlScriptsTestExecutionListener@22175d4f, org.springframework.test.context.event.EventPublishingTestExecutionListener@9fecdf1, org.springframework.security.test.context.support.WithSecurityContextTestExecutionListener@3b809711, org.springframework.security.test.context.support.ReactorContextTestExecutionListener@3b0f7d9d, org.springframework.boot.test.mock.mockito.ResetMocksTestExecutionListener@236ab296, org.springframework.boot.test.autoconfigure.restdocs.RestDocsTestExecutionListener@5c84624f, org.springframework.boot.test.autoconfigure.web.client.MockRestServiceServerResetTestExecutionListener@63034ed1, org.springframework.boot.test.autoconfigure.web.servlet.MockMvcPrintOnlyOnFailureTestExecutionListener@232024b9, org.springframework.boot.test.autoconfigure.web.servlet.WebDriverTestExecutionListener@55a8dc49, org.springframework.boot.test.autoconfigure.webservices.client.MockWebServiceServerTestExecutionListener@2a415aa9]
2023-02-20 23:04:46,844 INFO o.h.v.i.u.Version [background-preinit] HV000001: Hibernate Validator 6.2.5.Final
2023-02-20 23:04:46,870 INFO o.s.b.StartupInfoLogger [main] Starting OrderControllerTest using Java 18.0.2 on DESKTOP-E1SLKID with PID 14216 (started by MRCL in C:\Add\TortLand)
2023-02-20 23:04:46,872 INFO o.s.b.SpringApplication [main] No active profile set, falling back to 1 default profile: "default"
2023-02-20 23:04:47,519 INFO o.s.d.r.c.RepositoryConfigurationDelegate [main] Multiple Spring Data modules found, entering strict repository configuration mode
2023-02-20 23:04:47,519 INFO o.s.d.r.c.RepositoryConfigurationDelegate [main] Bootstrapping Spring Data JDBC repositories in DEFAULT mode.
2023-02-20 23:04:47,542 INFO o.s.d.r.c.RepositoryConfigurationExtensionSupport [main] Spring Data JDBC - Could not safely identify store assignment for repository candidate interface com.example.tortland.repository.CakeRepository; If you want this repository to be a JDBC repository, consider annotating your entities with one of these annotations: org.springframework.data.relational.core.mapping.Table.
2023-02-20 23:04:47,543 INFO o.s.d.r.c.RepositoryConfigurationExtensionSupport [main] Spring Data JDBC - Could not safely identify store assignment for repository candidate interface com.example.tortland.repository.CustomOrderRepository; If you want this repository to be a JDBC repository, consider annotating your entities with one of these annotations: org.springframework.data.relational.core.mapping.Table.
2023-02-20 23:04:47,544 INFO o.s.d.r.c.RepositoryConfigurationExtensionSupport [main] Spring Data JDBC - Could not safely identify store assignment for repository candidate interface com.example.tortland.repository.FillingRepository; If you want this repository to be a JDBC repository, consider annotating your entities with one of these annotations: org.springframework.data.relational.core.mapping.Table.
2023-02-20 23:04:47,546 INFO o.s.d.r.c.RepositoryConfigurationExtensionSupport [main] Spring Data JDBC - Could not safely identify store assignment for repository candidate interface com.example.tortland.repository.ImageRepository; If you want this repository to be a JDBC repository, consider annotating your entities with one of these annotations: org.springframework.data.relational.core.mapping.Table.
2023-02-20 23:04:47,547 INFO o.s.d.r.c.RepositoryConfigurationExtensionSupport [main] Spring Data JDBC - Could not safely identify store assignment for repository candidate interface com.example.tortland.repository.OrderRepository; If you want this repository to be a JDBC repository, consider annotating your entities with one of these annotations: org.springframework.data.relational.core.mapping.Table.
2023-02-20 23:04:47,548 INFO o.s.d.r.c.RepositoryConfigurationExtensionSupport [main] Spring Data JDBC - Could not safely identify store assignment for repository candidate interface com.example.tortland.repository.RoleRepository; If you want this repository to be a JDBC repository, consider annotating your entities with one of these annotations: org.springframework.data.relational.core.mapping.Table.
2023-02-20 23:04:47,549 INFO o.s.d.r.c.RepositoryConfigurationExtensionSupport [main] Spring Data JDBC - Could not safely identify store assignment for repository candidate interface com.example.tortland.repository.UserRepository; If you want this repository to be a JDBC repository, consider annotating your entities with one of these annotations: org.springframework.data.relational.core.mapping.Table.
2023-02-20 23:04:47,551 INFO o.s.d.r.c.RepositoryConfigurationDelegate [main] Finished Spring Data repository scanning in 27 ms. Found 0 JDBC repository interfaces.
2023-02-20 23:04:47,557 INFO o.s.d.r.c.RepositoryConfigurationDelegate [main] Multiple Spring Data modules found, entering strict repository configuration mode
2023-02-20 23:04:47,558 INFO o.s.d.r.c.RepositoryConfigurationDelegate [main] Bootstrapping Spring Data JPA repositories in DEFAULT mode.
2023-02-20 23:04:47,586 INFO o.s.d.r.c.RepositoryConfigurationDelegate [main] Finished Spring Data repository scanning in 25 ms. Found 7 JPA repository interfaces.
2023-02-20 23:04:48,231 INFO o.s.b.w.e.t.TomcatWebServer [main] Tomcat initialized with port(s): 0 (http)
2023-02-20 23:04:48,239 INFO o.a.j.l.DirectJDKLog [main] Initializing ProtocolHandler ["http-nio-auto-1"]
2023-02-20 23:04:48,239 INFO o.a.j.l.DirectJDKLog [main] Starting service [Tomcat]
2023-02-20 23:04:48,240 INFO o.a.j.l.DirectJDKLog [main] Starting Servlet engine: [Apache Tomcat/9.0.70]
2023-02-20 23:04:48,334 INFO o.a.j.l.DirectJDKLog [main] Initializing Spring embedded WebApplicationContext
2023-02-20 23:04:48,334 INFO o.s.b.w.s.c.ServletWebServerApplicationContext [main] Root WebApplicationContext: initialization completed in 1287 ms
2023-02-20 23:04:48,543 INFO o.h.j.i.u.LogHelper [main] HHH000204: Processing PersistenceUnitInfo [name: default]
2023-02-20 23:04:48,599 INFO o.h.Version [main] HHH000412: Hibernate ORM core version 5.6.14.Final
2023-02-20 23:04:48,704 INFO o.h.a.c.r.j.JavaReflectionManager [main] HCANN000001: Hibernate Commons Annotations {5.1.2.Final}
2023-02-20 23:04:48,774 INFO c.z.h.HikariDataSource [main] HikariPool-1 - Starting...
2023-02-20 23:04:48,873 INFO c.z.h.HikariDataSource [main] HikariPool-1 - Start completed.
2023-02-20 23:04:48,895 INFO o.h.d.Dialect [main] HHH000400: Using dialect: org.hibernate.dialect.PostgreSQL10Dialect
2023-02-20 23:04:48,998 WARN o.h.b.i.InFlightMetadataCollectorImpl [main] HHH000069: Duplicate generator name default_generator
2023-02-20 23:04:49,003 WARN o.h.b.i.InFlightMetadataCollectorImpl [main] HHH000069: Duplicate generator name default_generator
2023-02-20 23:04:49,005 WARN o.h.b.i.InFlightMetadataCollectorImpl [main] HHH000069: Duplicate generator name default_generator
2023-02-20 23:04:49,009 WARN o.h.b.i.InFlightMetadataCollectorImpl [main] HHH000069: Duplicate generator name default_generator
2023-02-20 23:04:49,015 WARN o.h.b.i.InFlightMetadataCollectorImpl [main] HHH000069: Duplicate generator name default_generator
2023-02-20 23:04:49,588 INFO o.h.e.t.j.p.i.JtaPlatformInitiator [main] HHH000490: Using JtaPlatform implementation: [org.hibernate.engine.transaction.jta.platform.internal.NoJtaPlatform]
2023-02-20 23:04:49,594 INFO o.s.o.j.AbstractEntityManagerFactoryBean [main] Initialized JPA EntityManagerFactory for persistence unit 'default'
2023-02-20 23:04:50,540 INFO o.s.s.w.DefaultSecurityFilterChain [main] Will secure any request with [org.springframework.security.web.session.DisableEncodeUrlFilter@71739267, org.springframework.security.web.context.request.async.WebAsyncManagerIntegrationFilter@6d810e94, org.springframework.security.web.context.SecurityContextPersistenceFilter@27381497, org.springframework.security.web.header.HeaderWriterFilter@5f72aaed, org.springframework.security.web.authentication.logout.LogoutFilter@797dd7ef, org.springframework.security.web.authentication.UsernamePasswordAuthenticationFilter@23c24c0e, org.springframework.security.web.savedrequest.RequestCacheAwareFilter@4922dc84, org.springframework.security.web.servletapi.SecurityContextHolderAwareRequestFilter@2ed9e59b, org.springframework.security.web.authentication.AnonymousAuthenticationFilter@6b9ce7a3, org.springframework.security.web.session.SessionManagementFilter@2700f556, org.springframework.security.web.access.ExceptionTranslationFilter@6f5d292c, org.springframework.security.web.access.intercept.FilterSecurityInterceptor@7c52df60]
2023-02-20 23:04:50,683 WARN o.s.b.a.o.j.JpaBaseConfiguration$JpaWebConfiguration [main] spring.jpa.open-in-view is enabled by default. Therefore, database queries may be performed during view rendering. Explicitly configure spring.jpa.open-in-view to disable this warning
2023-02-20 23:04:50,884 INFO o.s.b.a.w.s.WelcomePageHandlerMapping [main] Adding welcome page template: index
2023-02-20 23:04:51,818 INFO o.a.j.l.DirectJDKLog [main] Initializing Spring TestDispatcherServlet ''
2023-02-20 23:04:51,818 INFO o.s.w.s.FrameworkServlet [main] Initializing Servlet ''
2023-02-20 23:04:51,819 INFO o.s.w.s.FrameworkServlet [main] Completed initialization in 1 ms
2023-02-20 23:04:51,841 INFO o.a.j.l.DirectJDKLog [main] Starting ProtocolHandler ["http-nio-auto-1"]
2023-02-20 23:04:51,864 INFO o.s.b.w.e.t.TomcatWebServer [main] Tomcat started on port(s): 63974 (http) with context path ''
2023-02-20 23:04:51,872 INFO o.s.b.StartupInfoLogger [main] Started OrderControllerTest in 5.175 seconds (JVM running for 6.169)
2023-02-20 23:04:52,210 INFO c.e.t.a.LoggerAspect [main] Enter: class com.example.tortland.controller.OrderController.delivered() with arguments = [1, UsernamePasswordAuthenticationToken [Principal={"user_id":"2","username":"TestLoginConfectioner","user_role":"[ROLE_CONFECTIONER]","user_password":"$2a$10$36btnt/N1YrrgGkNCqipEeeSoMS1kIUoau9oo9u/0ql9Q6x3YIWay"}, Credentials=[PROTECTED], Authenticated=true, Details=null, Granted Authorities=[ROLE_CONFECTIONER]]]
2023-02-20 23:04:52,324 INFO c.e.t.a.LoggerAspect [main] Exit: class com.example.tortland.controller.OrderController.delivered() with result = redirect:/customOrders/myCustomOrder
2023-02-20 23:04:52,368 INFO o.s.o.j.AbstractEntityManagerFactoryBean [SpringApplicationShutdownHook] Closing JPA EntityManagerFactory for persistence unit 'default'
2023-02-20 23:04:52,369 INFO c.z.h.HikariDataSource [SpringApplicationShutdownHook] HikariPool-1 - Shutdown initiated...
2023-02-20 23:04:52,371 INFO c.z.h.HikariDataSource [SpringApplicationShutdownHook] HikariPool-1 - Shutdown completed.
