2023-02-20 22:51:14,781 INFO o.s.b.StartupInfoLogger [restartedMain] Starting TortLandApplication using Java 18.0.2 on DESKTOP-E1SLKID with PID 29400 (C:\Add\TortLand\target\classes started by MRCL in C:\Add\TortLand)
2023-02-20 22:51:14,781 INFO o.s.b.SpringApplication [restartedMain] No active profile set, falling back to 1 default profile: "default"
2023-02-20 22:51:14,847 INFO o.s.t.c.s.AbstractTestContextBootstrapper [main] Neither @ContextConfiguration nor @ContextHierarchy found for test class [com.example.tortland.controller.OrderControllerTest], using SpringBootContextLoader
2023-02-20 22:51:14,853 INFO o.s.t.c.s.AbstractContextLoader [main] Could not detect default resource locations for test class [com.example.tortland.controller.OrderControllerTest]: no resource found for suffixes {-context.xml, Context.groovy}.
2023-02-20 22:51:14,854 INFO o.s.t.c.s.AnnotationConfigContextLoaderUtils [main] Could not detect default configuration classes for test class [com.example.tortland.controller.OrderControllerTest]: OrderControllerTest does not declare any static, non-private, non-final, nested classes annotated with @Configuration.
2023-02-20 22:51:14,926 INFO o.s.d.r.c.RepositoryConfigurationDelegate [restartedMain] Multiple Spring Data modules found, entering strict repository configuration mode
2023-02-20 22:51:14,926 INFO o.s.d.r.c.RepositoryConfigurationDelegate [restartedMain] Bootstrapping Spring Data JDBC repositories in DEFAULT mode.
2023-02-20 22:51:14,932 INFO o.s.d.r.c.RepositoryConfigurationExtensionSupport [restartedMain] Spring Data JDBC - Could not safely identify store assignment for repository candidate interface com.example.tortland.repository.CakeRepository; If you want this repository to be a JDBC repository, consider annotating your entities with one of these annotations: org.springframework.data.relational.core.mapping.Table.
2023-02-20 22:51:14,933 INFO o.s.d.r.c.RepositoryConfigurationExtensionSupport [restartedMain] Spring Data JDBC - Could not safely identify store assignment for repository candidate interface com.example.tortland.repository.CustomOrderRepository; If you want this repository to be a JDBC repository, consider annotating your entities with one of these annotations: org.springframework.data.relational.core.mapping.Table.
2023-02-20 22:51:14,934 INFO o.s.d.r.c.RepositoryConfigurationExtensionSupport [restartedMain] Spring Data JDBC - Could not safely identify store assignment for repository candidate interface com.example.tortland.repository.FillingRepository; If you want this repository to be a JDBC repository, consider annotating your entities with one of these annotations: org.springframework.data.relational.core.mapping.Table.
2023-02-20 22:51:14,934 INFO o.s.d.r.c.RepositoryConfigurationExtensionSupport [restartedMain] Spring Data JDBC - Could not safely identify store assignment for repository candidate interface com.example.tortland.repository.ImageRepository; If you want this repository to be a JDBC repository, consider annotating your entities with one of these annotations: org.springframework.data.relational.core.mapping.Table.
2023-02-20 22:51:14,935 INFO o.s.d.r.c.RepositoryConfigurationExtensionSupport [restartedMain] Spring Data JDBC - Could not safely identify store assignment for repository candidate interface com.example.tortland.repository.OrderRepository; If you want this repository to be a JDBC repository, consider annotating your entities with one of these annotations: org.springframework.data.relational.core.mapping.Table.
2023-02-20 22:51:14,935 INFO o.s.d.r.c.RepositoryConfigurationExtensionSupport [restartedMain] Spring Data JDBC - Could not safely identify store assignment for repository candidate interface com.example.tortland.repository.RoleRepository; If you want this repository to be a JDBC repository, consider annotating your entities with one of these annotations: org.springframework.data.relational.core.mapping.Table.
2023-02-20 22:51:14,936 INFO o.s.d.r.c.RepositoryConfigurationExtensionSupport [restartedMain] Spring Data JDBC - Could not safely identify store assignment for repository candidate interface com.example.tortland.repository.UserRepository; If you want this repository to be a JDBC repository, consider annotating your entities with one of these annotations: org.springframework.data.relational.core.mapping.Table.
2023-02-20 22:51:14,936 INFO o.s.d.r.c.RepositoryConfigurationDelegate [restartedMain] Finished Spring Data repository scanning in 10 ms. Found 0 JDBC repository interfaces.
2023-02-20 22:51:14,938 INFO o.s.d.r.c.RepositoryConfigurationDelegate [restartedMain] Multiple Spring Data modules found, entering strict repository configuration mode
2023-02-20 22:51:14,938 INFO o.s.d.r.c.RepositoryConfigurationDelegate [restartedMain] Bootstrapping Spring Data JPA repositories in DEFAULT mode.
2023-02-20 22:51:14,939 INFO o.s.b.t.c.SpringBootTestContextBootstrapper [main] Found @SpringBootConfiguration com.example.tortland.TortLandApplication for test class com.example.tortland.controller.OrderControllerTest
2023-02-20 22:51:14,950 INFO o.s.d.r.c.RepositoryConfigurationDelegate [restartedMain] Finished Spring Data repository scanning in 12 ms. Found 7 JPA repository interfaces.
2023-02-20 22:51:14,998 INFO o.s.t.c.s.AbstractTestContextBootstrapper [main] Loaded default TestExecutionListener class names from location [META-INF/spring.factories]: [org.springframework.boot.test.mock.mockito.MockitoTestExecutionListener, org.springframework.boot.test.mock.mockito.ResetMocksTestExecutionListener, org.springframework.boot.test.autoconfigure.restdocs.RestDocsTestExecutionListener, org.springframework.boot.test.autoconfigure.web.client.MockRestServiceServerResetTestExecutionListener, org.springframework.boot.test.autoconfigure.web.servlet.MockMvcPrintOnlyOnFailureTestExecutionListener, org.springframework.boot.test.autoconfigure.web.servlet.WebDriverTestExecutionListener, org.springframework.boot.test.autoconfigure.webservices.client.MockWebServiceServerTestExecutionListener, org.springframework.test.context.web.ServletTestExecutionListener, org.springframework.test.context.support.DirtiesContextBeforeModesTestExecutionListener, org.springframework.test.context.event.ApplicationEventsTestExecutionListener, org.springframework.test.context.support.DependencyInjectionTestExecutionListener, org.springframework.test.context.support.DirtiesContextTestExecutionListener, org.springframework.test.context.transaction.TransactionalTestExecutionListener, org.springframework.test.context.jdbc.SqlScriptsTestExecutionListener, org.springframework.test.context.event.EventPublishingTestExecutionListener, org.springframework.security.test.context.support.WithSecurityContextTestExecutionListener, org.springframework.security.test.context.support.ReactorContextTestExecutionListener]
2023-02-20 22:51:15,008 INFO o.s.b.w.e.t.TomcatWebServer [restartedMain] Tomcat initialized with port(s): 9090 (http)
2023-02-20 22:51:15,008 INFO o.a.j.l.DirectJDKLog [restartedMain] Initializing ProtocolHandler ["http-nio-9090"]
2023-02-20 22:51:15,008 INFO o.a.j.l.DirectJDKLog [restartedMain] Starting service [Tomcat]
2023-02-20 22:51:15,008 INFO o.a.j.l.DirectJDKLog [restartedMain] Starting Servlet engine: [Apache Tomcat/9.0.70]
2023-02-20 22:51:15,010 INFO o.s.t.c.s.AbstractTestContextBootstrapper [main] Using TestExecutionListeners: [org.springframework.test.context.web.ServletTestExecutionListener@6134ac4a, org.springframework.test.context.support.DirtiesContextBeforeModesTestExecutionListener@777c9dc9, org.springframework.test.context.event.ApplicationEventsTestExecutionListener@71b1a49c, org.springframework.boot.test.mock.mockito.MockitoTestExecutionListener@73e132e0, org.springframework.boot.test.autoconfigure.SpringBootDependencyInjectionTestExecutionListener@3773862a, org.springframework.test.context.support.DirtiesContextTestExecutionListener@2472c7d8, org.springframework.test.context.transaction.TransactionalTestExecutionListener@589b028e, org.springframework.test.context.jdbc.SqlScriptsTestExecutionListener@22175d4f, org.springframework.test.context.event.EventPublishingTestExecutionListener@9fecdf1, org.springframework.security.test.context.support.WithSecurityContextTestExecutionListener@3b809711, org.springframework.security.test.context.support.ReactorContextTestExecutionListener@3b0f7d9d, org.springframework.boot.test.mock.mockito.ResetMocksTestExecutionListener@236ab296, org.springframework.boot.test.autoconfigure.restdocs.RestDocsTestExecutionListener@5c84624f, org.springframework.boot.test.autoconfigure.web.client.MockRestServiceServerResetTestExecutionListener@63034ed1, org.springframework.boot.test.autoconfigure.web.servlet.MockMvcPrintOnlyOnFailureTestExecutionListener@232024b9, org.springframework.boot.test.autoconfigure.web.servlet.WebDriverTestExecutionListener@55a8dc49, org.springframework.boot.test.autoconfigure.webservices.client.MockWebServiceServerTestExecutionListener@2a415aa9]
2023-02-20 22:51:15,022 INFO o.a.j.l.DirectJDKLog [restartedMain] Initializing Spring embedded WebApplicationContext
2023-02-20 22:51:15,022 INFO o.s.b.w.s.c.ServletWebServerApplicationContext [restartedMain] Root WebApplicationContext: initialization completed in 240 ms
2023-02-20 22:51:15,048 INFO o.h.j.i.u.LogHelper [restartedMain] HHH000204: Processing PersistenceUnitInfo [name: default]
2023-02-20 22:51:15,051 INFO c.z.h.HikariDataSource [restartedMain] HikariPool-14 - Starting...
2023-02-20 22:51:15,070 INFO c.z.h.HikariDataSource [restartedMain] HikariPool-14 - Start completed.
2023-02-20 22:51:15,070 INFO o.h.d.Dialect [restartedMain] HHH000400: Using dialect: org.hibernate.dialect.PostgreSQL10Dialect
2023-02-20 22:51:15,074 WARN o.h.b.i.InFlightMetadataCollectorImpl [restartedMain] HHH000069: Duplicate generator name default_generator
2023-02-20 22:51:15,076 WARN o.h.b.i.InFlightMetadataCollectorImpl [restartedMain] HHH000069: Duplicate generator name default_generator
2023-02-20 22:51:15,076 WARN o.h.b.i.InFlightMetadataCollectorImpl [restartedMain] HHH000069: Duplicate generator name default_generator
2023-02-20 22:51:15,077 WARN o.h.b.i.InFlightMetadataCollectorImpl [restartedMain] HHH000069: Duplicate generator name default_generator
2023-02-20 22:51:15,078 WARN o.h.b.i.InFlightMetadataCollectorImpl [restartedMain] HHH000069: Duplicate generator name default_generator
2023-02-20 22:51:15,186 INFO o.h.v.i.u.Version [background-preinit] HV000001: Hibernate Validator 6.2.5.Final
2023-02-20 22:51:15,208 INFO o.h.e.t.j.p.i.JtaPlatformInitiator [restartedMain] HHH000490: Using JtaPlatform implementation: [org.hibernate.engine.transaction.jta.platform.internal.NoJtaPlatform]
2023-02-20 22:51:15,208 INFO o.s.o.j.AbstractEntityManagerFactoryBean [restartedMain] Initialized JPA EntityManagerFactory for persistence unit 'default'
2023-02-20 22:51:15,215 INFO o.s.b.StartupInfoLogger [main] Starting OrderControllerTest using Java 18.0.2 on DESKTOP-E1SLKID with PID 28872 (started by MRCL in C:\Add\TortLand)
2023-02-20 22:51:15,218 INFO o.s.b.SpringApplication [main] No active profile set, falling back to 1 default profile: "default"
2023-02-20 22:51:15,417 INFO o.s.s.w.DefaultSecurityFilterChain [restartedMain] Will secure any request with [org.springframework.security.web.session.DisableEncodeUrlFilter@7cc2b6ca, org.springframework.security.web.context.request.async.WebAsyncManagerIntegrationFilter@1e9c1764, org.springframework.security.web.context.SecurityContextPersistenceFilter@15051d2e, org.springframework.security.web.header.HeaderWriterFilter@2e6795aa, org.springframework.security.web.authentication.logout.LogoutFilter@3df5138c, org.springframework.security.web.authentication.UsernamePasswordAuthenticationFilter@4854595e, org.springframework.security.web.savedrequest.RequestCacheAwareFilter@919eedf, org.springframework.security.web.servletapi.SecurityContextHolderAwareRequestFilter@1b41e093, org.springframework.security.web.authentication.AnonymousAuthenticationFilter@3139dfa4, org.springframework.security.web.session.SessionManagementFilter@2447e73f, org.springframework.security.web.access.ExceptionTranslationFilter@5389e130, org.springframework.security.web.access.intercept.FilterSecurityInterceptor@d8451d2]
2023-02-20 22:51:15,437 WARN o.s.b.a.o.j.JpaBaseConfiguration$JpaWebConfiguration [restartedMain] spring.jpa.open-in-view is enabled by default. Therefore, database queries may be performed during view rendering. Explicitly configure spring.jpa.open-in-view to disable this warning
2023-02-20 22:51:15,465 INFO o.s.b.a.w.s.WelcomePageHandlerMapping [restartedMain] Adding welcome page template: index
2023-02-20 22:51:15,640 INFO o.s.b.d.a.OptionalLiveReloadServer [restartedMain] LiveReload server is running on port 35729
2023-02-20 22:51:15,649 INFO o.a.j.l.DirectJDKLog [restartedMain] Starting ProtocolHandler ["http-nio-9090"]
2023-02-20 22:51:15,651 INFO o.s.b.w.e.t.TomcatWebServer [restartedMain] Tomcat started on port(s): 9090 (http) with context path ''
2023-02-20 22:51:15,654 INFO o.s.b.StartupInfoLogger [restartedMain] Started TortLandApplication in 0.895 seconds (JVM running for 11898.996)
2023-02-20 22:51:15,655 INFO o.s.b.d.a.ConditionEvaluationDeltaLoggingListener [restartedMain] Condition evaluation unchanged
2023-02-20 22:51:15,907 INFO o.s.d.r.c.RepositoryConfigurationDelegate [main] Multiple Spring Data modules found, entering strict repository configuration mode
2023-02-20 22:51:15,908 INFO o.s.d.r.c.RepositoryConfigurationDelegate [main] Bootstrapping Spring Data JDBC repositories in DEFAULT mode.
2023-02-20 22:51:15,938 INFO o.s.d.r.c.RepositoryConfigurationExtensionSupport [main] Spring Data JDBC - Could not safely identify store assignment for repository candidate interface com.example.tortland.repository.CakeRepository; If you want this repository to be a JDBC repository, consider annotating your entities with one of these annotations: org.springframework.data.relational.core.mapping.Table.
2023-02-20 22:51:15,939 INFO o.s.d.r.c.RepositoryConfigurationExtensionSupport [main] Spring Data JDBC - Could not safely identify store assignment for repository candidate interface com.example.tortland.repository.CustomOrderRepository; If you want this repository to be a JDBC repository, consider annotating your entities with one of these annotations: org.springframework.data.relational.core.mapping.Table.
2023-02-20 22:51:15,941 INFO o.s.d.r.c.RepositoryConfigurationExtensionSupport [main] Spring Data JDBC - Could not safely identify store assignment for repository candidate interface com.example.tortland.repository.FillingRepository; If you want this repository to be a JDBC repository, consider annotating your entities with one of these annotations: org.springframework.data.relational.core.mapping.Table.
2023-02-20 22:51:15,942 INFO o.s.d.r.c.RepositoryConfigurationExtensionSupport [main] Spring Data JDBC - Could not safely identify store assignment for repository candidate interface com.example.tortland.repository.ImageRepository; If you want this repository to be a JDBC repository, consider annotating your entities with one of these annotations: org.springframework.data.relational.core.mapping.Table.
2023-02-20 22:51:15,942 INFO o.s.d.r.c.RepositoryConfigurationExtensionSupport [main] Spring Data JDBC - Could not safely identify store assignment for repository candidate interface com.example.tortland.repository.OrderRepository; If you want this repository to be a JDBC repository, consider annotating your entities with one of these annotations: org.springframework.data.relational.core.mapping.Table.
2023-02-20 22:51:15,943 INFO o.s.d.r.c.RepositoryConfigurationExtensionSupport [main] Spring Data JDBC - Could not safely identify store assignment for repository candidate interface com.example.tortland.repository.RoleRepository; If you want this repository to be a JDBC repository, consider annotating your entities with one of these annotations: org.springframework.data.relational.core.mapping.Table.
2023-02-20 22:51:15,944 INFO o.s.d.r.c.RepositoryConfigurationExtensionSupport [main] Spring Data JDBC - Could not safely identify store assignment for repository candidate interface com.example.tortland.repository.UserRepository; If you want this repository to be a JDBC repository, consider annotating your entities with one of these annotations: org.springframework.data.relational.core.mapping.Table.
2023-02-20 22:51:15,945 INFO o.s.d.r.c.RepositoryConfigurationDelegate [main] Finished Spring Data repository scanning in 34 ms. Found 0 JDBC repository interfaces.
2023-02-20 22:51:15,952 INFO o.s.d.r.c.RepositoryConfigurationDelegate [main] Multiple Spring Data modules found, entering strict repository configuration mode
2023-02-20 22:51:15,952 INFO o.s.d.r.c.RepositoryConfigurationDelegate [main] Bootstrapping Spring Data JPA repositories in DEFAULT mode.
2023-02-20 22:51:15,982 INFO o.s.d.r.c.RepositoryConfigurationDelegate [main] Finished Spring Data repository scanning in 26 ms. Found 7 JPA repository interfaces.
2023-02-20 22:51:16,634 INFO o.s.b.w.e.t.TomcatWebServer [main] Tomcat initialized with port(s): 0 (http)
2023-02-20 22:51:16,642 INFO o.a.j.l.DirectJDKLog [main] Initializing ProtocolHandler ["http-nio-auto-1"]
2023-02-20 22:51:16,642 INFO o.a.j.l.DirectJDKLog [main] Starting service [Tomcat]
2023-02-20 22:51:16,643 INFO o.a.j.l.DirectJDKLog [main] Starting Servlet engine: [Apache Tomcat/9.0.70]
2023-02-20 22:51:16,732 INFO o.a.j.l.DirectJDKLog [main] Initializing Spring embedded WebApplicationContext
2023-02-20 22:51:16,732 INFO o.s.b.w.s.c.ServletWebServerApplicationContext [main] Root WebApplicationContext: initialization completed in 1343 ms
2023-02-20 22:51:16,942 INFO o.h.j.i.u.LogHelper [main] HHH000204: Processing PersistenceUnitInfo [name: default]
2023-02-20 22:51:16,993 INFO o.h.Version [main] HHH000412: Hibernate ORM core version 5.6.14.Final
2023-02-20 22:51:17,110 INFO o.h.a.c.r.j.JavaReflectionManager [main] HCANN000001: Hibernate Commons Annotations {5.1.2.Final}
2023-02-20 22:51:17,190 INFO c.z.h.HikariDataSource [main] HikariPool-1 - Starting...
2023-02-20 22:51:17,292 INFO c.z.h.HikariDataSource [main] HikariPool-1 - Start completed.
2023-02-20 22:51:17,315 INFO o.h.d.Dialect [main] HHH000400: Using dialect: org.hibernate.dialect.PostgreSQL10Dialect
2023-02-20 22:51:17,424 WARN o.h.b.i.InFlightMetadataCollectorImpl [main] HHH000069: Duplicate generator name default_generator
2023-02-20 22:51:17,428 WARN o.h.b.i.InFlightMetadataCollectorImpl [main] HHH000069: Duplicate generator name default_generator
2023-02-20 22:51:17,430 WARN o.h.b.i.InFlightMetadataCollectorImpl [main] HHH000069: Duplicate generator name default_generator
2023-02-20 22:51:17,434 WARN o.h.b.i.InFlightMetadataCollectorImpl [main] HHH000069: Duplicate generator name default_generator
2023-02-20 22:51:17,439 WARN o.h.b.i.InFlightMetadataCollectorImpl [main] HHH000069: Duplicate generator name default_generator
2023-02-20 22:51:18,013 INFO o.h.e.t.j.p.i.JtaPlatformInitiator [main] HHH000490: Using JtaPlatform implementation: [org.hibernate.engine.transaction.jta.platform.internal.NoJtaPlatform]
2023-02-20 22:51:18,019 INFO o.s.o.j.AbstractEntityManagerFactoryBean [main] Initialized JPA EntityManagerFactory for persistence unit 'default'
2023-02-20 22:51:18,943 INFO o.s.s.w.DefaultSecurityFilterChain [main] Will secure any request with [org.springframework.security.web.session.DisableEncodeUrlFilter@17e7cc67, org.springframework.security.web.context.request.async.WebAsyncManagerIntegrationFilter@49976824, org.springframework.security.web.context.SecurityContextPersistenceFilter@5f72aaed, org.springframework.security.web.header.HeaderWriterFilter@27de9336, org.springframework.security.web.authentication.logout.LogoutFilter@6178ac9d, org.springframework.security.web.authentication.UsernamePasswordAuthenticationFilter@377b7798, org.springframework.security.web.savedrequest.RequestCacheAwareFilter@2700f556, org.springframework.security.web.servletapi.SecurityContextHolderAwareRequestFilter@6def1699, org.springframework.security.web.authentication.AnonymousAuthenticationFilter@2fc51562, org.springframework.security.web.session.SessionManagementFilter@6f5d292c, org.springframework.security.web.access.ExceptionTranslationFilter@58545c2e, org.springframework.security.web.access.intercept.FilterSecurityInterceptor@6f526f91]
2023-02-20 22:51:19,118 WARN o.s.b.a.o.j.JpaBaseConfiguration$JpaWebConfiguration [main] spring.jpa.open-in-view is enabled by default. Therefore, database queries may be performed during view rendering. Explicitly configure spring.jpa.open-in-view to disable this warning
2023-02-20 22:51:19,326 INFO o.s.b.a.w.s.WelcomePageHandlerMapping [main] Adding welcome page template: index
2023-02-20 22:51:20,267 INFO o.a.j.l.DirectJDKLog [main] Initializing Spring TestDispatcherServlet ''
2023-02-20 22:51:20,268 INFO o.s.w.s.FrameworkServlet [main] Initializing Servlet ''
2023-02-20 22:51:20,269 INFO o.s.w.s.FrameworkServlet [main] Completed initialization in 1 ms
2023-02-20 22:51:20,293 INFO o.a.j.l.DirectJDKLog [main] Starting ProtocolHandler ["http-nio-auto-1"]
2023-02-20 22:51:20,326 INFO o.s.b.w.e.t.TomcatWebServer [main] Tomcat started on port(s): 63776 (http) with context path ''
2023-02-20 22:51:20,333 INFO o.s.b.StartupInfoLogger [main] Started OrderControllerTest in 5.302 seconds (JVM running for 6.247)
2023-02-20 22:51:20,702 INFO c.e.t.a.LoggerAspect [main] Enter: class com.example.tortland.controller.OrderController.detailed() with arguments = [GenericDTO(id=1, createdBy=null, createdWhen=null, updatedWhen=null, updatedBy=null, isDeleted=false, deletedWhen=null, deletedBy=null), org.springframework.validation.BeanPropertyBindingResult: 0 errors, UsernamePasswordAuthenticationToken [Principal={"user_id":"2","username":"TestLoginConfectioner","user_role":"[ROLE_CONFECTIONER]","user_password":"$2a$10$36btnt/N1YrrgGkNCqipEeeSoMS1kIUoau9oo9u/0ql9Q6x3YIWay"}, Credentials=[PROTECTED], Authenticated=true, Details=null, Granted Authorities=[ROLE_CONFECTIONER]]]
2023-02-20 22:51:21,941 INFO c.e.t.a.LoggerAspect [main] Exit: class com.example.tortland.controller.OrderController.detailed() with result = redirect:/customOrders/myCustomOrder
2023-02-20 22:51:22,007 INFO o.s.o.j.AbstractEntityManagerFactoryBean [SpringApplicationShutdownHook] Closing JPA EntityManagerFactory for persistence unit 'default'
2023-02-20 22:51:22,008 INFO c.z.h.HikariDataSource [SpringApplicationShutdownHook] HikariPool-1 - Shutdown initiated...
2023-02-20 22:51:22,010 INFO c.z.h.HikariDataSource [SpringApplicationShutdownHook] HikariPool-1 - Shutdown completed.
2023-02-20 22:53:00,749 INFO o.a.j.l.DirectJDKLog [http-nio-9090-exec-1] Initializing Spring DispatcherServlet 'dispatcherServlet'
2023-02-20 22:53:00,749 INFO o.s.w.s.FrameworkServlet [http-nio-9090-exec-1] Initializing Servlet 'dispatcherServlet'
2023-02-20 22:53:00,751 INFO o.s.w.s.FrameworkServlet [http-nio-9090-exec-1] Completed initialization in 2 ms
2023-02-20 22:53:00,759 INFO c.e.t.a.LoggerAspect [http-nio-9090-exec-2] Enter: class com.example.tortland.controller.LoginController.login() with arguments = [org.springframework.web.servlet.resource.ResourceUrlEncodingFilter$ResourceUrlEncodingRequestWrapper@fd631dc, {}]
2023-02-20 22:53:00,762 INFO c.e.t.a.LoggerAspect [http-nio-9090-exec-2] Exit: class com.example.tortland.controller.LoginController.login() with result = login
2023-02-20 22:53:03,511 INFO c.e.t.a.LoggerAspect [http-nio-9090-exec-8] Enter: class com.example.tortland.controller.MainController.index() with arguments = []
2023-02-20 22:53:03,512 INFO c.e.t.a.LoggerAspect [http-nio-9090-exec-8] Exit: class com.example.tortland.controller.MainController.index() with result = index
2023-02-20 22:53:05,058 INFO c.e.t.a.LoggerAspect [http-nio-9090-exec-5] Enter: class com.example.tortland.controller.OrderController.getAllOrders() with arguments = [1, 10, {}]
2023-02-20 22:53:05,085 INFO c.e.t.a.LoggerAspect [http-nio-9090-exec-5] Exit: class com.example.tortland.controller.OrderController.getAllOrders() with result = orders/viewAllOrders
2023-02-20 22:53:06,461 INFO c.e.t.a.LoggerAspect [http-nio-9090-exec-7] Enter: class com.example.tortland.controller.OrderController.update() with arguments = [2, {}]
2023-02-20 22:53:06,470 INFO c.e.t.a.LoggerAspect [http-nio-9090-exec-7] Exit: class com.example.tortland.controller.OrderController.update() with result = orders/updateOrder
2023-02-20 22:53:07,766 INFO c.e.t.a.LoggerAspect [http-nio-9090-exec-1] Enter: class com.example.tortland.controller.OrderController.update() with arguments = [GenericDTO(id=2, createdBy=USER, createdWhen=2023-02-16, updatedWhen=null, updatedBy=ADMIN, isDeleted=false, deletedWhen=null, deletedBy=null)]
2023-02-20 22:53:07,783 INFO c.e.t.a.LoggerAspect [http-nio-9090-exec-1] Exit: class com.example.tortland.controller.OrderController.update() with result = redirect:/orders
2023-02-20 22:53:07,786 INFO c.e.t.a.LoggerAspect [http-nio-9090-exec-2] Enter: class com.example.tortland.controller.OrderController.getAllOrders() with arguments = [1, 10, {}]
2023-02-20 22:53:07,801 INFO c.e.t.a.LoggerAspect [http-nio-9090-exec-2] Exit: class com.example.tortland.controller.OrderController.getAllOrders() with result = orders/viewAllOrders
2023-02-20 22:54:39,855 INFO c.e.t.a.LoggerAspect [http-nio-9090-exec-7] Enter: class com.example.tortland.controller.OrderController.update() with arguments = [2, {}]
2023-02-20 22:54:39,866 INFO c.e.t.a.LoggerAspect [http-nio-9090-exec-7] Exit: class com.example.tortland.controller.OrderController.update() with result = orders/updateOrder
2023-02-20 22:55:09,500 INFO c.e.t.a.LoggerAspect [http-nio-9090-exec-2] Enter: class com.example.tortland.controller.LoginController.login() with arguments = [org.springframework.web.servlet.resource.ResourceUrlEncodingFilter$ResourceUrlEncodingRequestWrapper@54e07aea, {}]
2023-02-20 22:55:09,500 INFO c.e.t.a.LoggerAspect [http-nio-9090-exec-2] Exit: class com.example.tortland.controller.LoginController.login() with result = login
2023-02-20 22:55:12,803 INFO c.e.t.a.LoggerAspect [http-nio-9090-exec-7] Enter: class com.example.tortland.controller.MainController.index() with arguments = []
2023-02-20 22:55:12,803 INFO c.e.t.a.LoggerAspect [http-nio-9090-exec-7] Exit: class com.example.tortland.controller.MainController.index() with result = index
2023-02-20 22:55:13,526 INFO c.e.t.a.LoggerAspect [http-nio-9090-exec-5] Enter: class com.example.tortland.controller.UserController.profile() with arguments = [{}, 2, UsernamePasswordAuthenticationToken [Principal={"user_id":"2","username":"qwe","user_role":"[ROLE_USER]","user_password":"$2a$10$AGtxwi4J.Yy4RP9.jwEZmexhavD2JPOP2HB.VFCMzopQcbBPBT6Fm"}, Credentials=[PROTECTED], Authenticated=true, Details=WebAuthenticationDetails [RemoteIpAddress=0:0:0:0:0:0:0:1, SessionId=null], Granted Authorities=[ROLE_USER]]]
2023-02-20 22:55:13,539 INFO c.e.t.a.LoggerAspect [http-nio-9090-exec-5] Exit: class com.example.tortland.controller.UserController.profile() with result = users/profile
2023-02-20 22:55:18,214 INFO c.e.t.a.LoggerAspect [http-nio-9090-exec-1] Enter: class com.example.tortland.controller.LoginController.login() with arguments = [org.springframework.web.servlet.resource.ResourceUrlEncodingFilter$ResourceUrlEncodingRequestWrapper@367b0154, {}]
2023-02-20 22:55:18,214 INFO c.e.t.a.LoggerAspect [http-nio-9090-exec-1] Exit: class com.example.tortland.controller.LoginController.login() with result = login
2023-02-20 22:55:20,311 INFO c.e.t.a.LoggerAspect [http-nio-9090-exec-4] Enter: class com.example.tortland.controller.MainController.index() with arguments = []
2023-02-20 22:55:20,311 INFO c.e.t.a.LoggerAspect [http-nio-9090-exec-4] Exit: class com.example.tortland.controller.MainController.index() with result = index
2023-02-20 22:55:23,096 INFO c.e.t.a.LoggerAspect [http-nio-9090-exec-9] Enter: class com.example.tortland.controller.OrderController.getAllOrders() with arguments = [1, 10, {}]
2023-02-20 22:55:23,112 INFO c.e.t.a.LoggerAspect [http-nio-9090-exec-9] Exit: class com.example.tortland.controller.OrderController.getAllOrders() with result = orders/viewAllOrders
2023-02-20 22:55:34,821 INFO c.e.t.a.LoggerAspect [http-nio-9090-exec-6] Enter: class com.example.tortland.controller.CustomOrderController.getAllCustomOrder() with arguments = [1, 10, {}]
2023-02-20 22:55:34,838 INFO c.e.t.a.LoggerAspect [http-nio-9090-exec-6] Exit: class com.example.tortland.controller.CustomOrderController.getAllCustomOrder() with result = customOrders/viewAllCustomOrders
2023-02-20 22:55:38,678 INFO c.e.t.a.LoggerAspect [http-nio-9090-exec-8] Enter: class com.example.tortland.controller.OrderController.getAllOrders() with arguments = [1, 10, {}]
2023-02-20 22:55:38,691 INFO c.e.t.a.LoggerAspect [http-nio-9090-exec-8] Exit: class com.example.tortland.controller.OrderController.getAllOrders() with result = orders/viewAllOrders
2023-02-20 22:55:42,807 INFO c.e.t.a.LoggerAspect [http-nio-9090-exec-10] Enter: class com.example.tortland.controller.OrderController.update() with arguments = [2, {}]
2023-02-20 22:55:42,815 INFO c.e.t.a.LoggerAspect [http-nio-9090-exec-10] Exit: class com.example.tortland.controller.OrderController.update() with result = orders/updateOrder
2023-02-20 22:59:55,585 INFO o.s.b.d.a.LocalDevToolsAutoConfiguration$RestartingClassPathChangeChangedEventListener [File Watcher] Restarting due to 1 class path change (0 additions, 1 deletion, 0 modifications)
2023-02-20 22:59:55,606 INFO o.a.j.l.DirectJDKLog [Thread-50] Pausing ProtocolHandler ["http-nio-9090"]
2023-02-20 22:59:55,606 INFO o.a.j.l.DirectJDKLog [Thread-50] Stopping service [Tomcat]
2023-02-20 22:59:55,606 INFO o.a.j.l.DirectJDKLog [Thread-50] Destroying Spring FrameworkServlet 'dispatcherServlet'
2023-02-20 22:59:55,609 INFO o.a.j.l.DirectJDKLog [Thread-50] Stopping ProtocolHandler ["http-nio-9090"]
2023-02-20 22:59:55,610 INFO o.a.j.l.DirectJDKLog [Thread-50] Destroying ProtocolHandler ["http-nio-9090"]
2023-02-20 22:59:55,611 INFO o.s.o.j.AbstractEntityManagerFactoryBean [Thread-50] Closing JPA EntityManagerFactory for persistence unit 'default'
2023-02-20 22:59:55,612 INFO c.z.h.HikariDataSource [Thread-50] HikariPool-14 - Shutdown initiated...
2023-02-20 22:59:55,613 INFO c.z.h.HikariDataSource [Thread-50] HikariPool-14 - Shutdown completed.
2023-02-20 22:59:55,713 INFO o.s.b.StartupInfoLogger [restartedMain] Starting TortLandApplication using Java 18.0.2 on DESKTOP-E1SLKID with PID 29400 (C:\Add\TortLand\target\classes started by MRCL in C:\Add\TortLand)
2023-02-20 22:59:55,713 INFO o.s.b.SpringApplication [restartedMain] No active profile set, falling back to 1 default profile: "default"
2023-02-20 22:59:55,866 INFO o.s.d.r.c.RepositoryConfigurationDelegate [restartedMain] Multiple Spring Data modules found, entering strict repository configuration mode
2023-02-20 22:59:55,866 INFO o.s.d.r.c.RepositoryConfigurationDelegate [restartedMain] Bootstrapping Spring Data JDBC repositories in DEFAULT mode.
2023-02-20 22:59:55,872 INFO o.s.d.r.c.RepositoryConfigurationExtensionSupport [restartedMain] Spring Data JDBC - Could not safely identify store assignment for repository candidate interface com.example.tortland.repository.CakeRepository; If you want this repository to be a JDBC repository, consider annotating your entities with one of these annotations: org.springframework.data.relational.core.mapping.Table.
2023-02-20 22:59:55,873 INFO o.s.d.r.c.RepositoryConfigurationExtensionSupport [restartedMain] Spring Data JDBC - Could not safely identify store assignment for repository candidate interface com.example.tortland.repository.CustomOrderRepository; If you want this repository to be a JDBC repository, consider annotating your entities with one of these annotations: org.springframework.data.relational.core.mapping.Table.
2023-02-20 22:59:55,874 INFO o.s.d.r.c.RepositoryConfigurationExtensionSupport [restartedMain] Spring Data JDBC - Could not safely identify store assignment for repository candidate interface com.example.tortland.repository.FillingRepository; If you want this repository to be a JDBC repository, consider annotating your entities with one of these annotations: org.springframework.data.relational.core.mapping.Table.
2023-02-20 22:59:55,874 INFO o.s.d.r.c.RepositoryConfigurationExtensionSupport [restartedMain] Spring Data JDBC - Could not safely identify store assignment for repository candidate interface com.example.tortland.repository.ImageRepository; If you want this repository to be a JDBC repository, consider annotating your entities with one of these annotations: org.springframework.data.relational.core.mapping.Table.
2023-02-20 22:59:55,875 INFO o.s.d.r.c.RepositoryConfigurationExtensionSupport [restartedMain] Spring Data JDBC - Could not safely identify store assignment for repository candidate interface com.example.tortland.repository.OrderRepository; If you want this repository to be a JDBC repository, consider annotating your entities with one of these annotations: org.springframework.data.relational.core.mapping.Table.
2023-02-20 22:59:55,875 INFO o.s.d.r.c.RepositoryConfigurationExtensionSupport [restartedMain] Spring Data JDBC - Could not safely identify store assignment for repository candidate interface com.example.tortland.repository.RoleRepository; If you want this repository to be a JDBC repository, consider annotating your entities with one of these annotations: org.springframework.data.relational.core.mapping.Table.
2023-02-20 22:59:55,876 INFO o.s.d.r.c.RepositoryConfigurationExtensionSupport [restartedMain] Spring Data JDBC - Could not safely identify store assignment for repository candidate interface com.example.tortland.repository.UserRepository; If you want this repository to be a JDBC repository, consider annotating your entities with one of these annotations: org.springframework.data.relational.core.mapping.Table.
2023-02-20 22:59:55,876 INFO o.s.d.r.c.RepositoryConfigurationDelegate [restartedMain] Finished Spring Data repository scanning in 10 ms. Found 0 JDBC repository interfaces.
2023-02-20 22:59:55,878 INFO o.s.d.r.c.RepositoryConfigurationDelegate [restartedMain] Multiple Spring Data modules found, entering strict repository configuration mode
2023-02-20 22:59:55,879 INFO o.s.d.r.c.RepositoryConfigurationDelegate [restartedMain] Bootstrapping Spring Data JPA repositories in DEFAULT mode.
2023-02-20 22:59:55,890 INFO o.s.d.r.c.RepositoryConfigurationDelegate [restartedMain] Finished Spring Data repository scanning in 12 ms. Found 7 JPA repository interfaces.
2023-02-20 22:59:55,972 INFO o.s.b.w.e.t.TomcatWebServer [restartedMain] Tomcat initialized with port(s): 9090 (http)
2023-02-20 22:59:55,972 INFO o.a.j.l.DirectJDKLog [restartedMain] Initializing ProtocolHandler ["http-nio-9090"]
2023-02-20 22:59:55,972 INFO o.a.j.l.DirectJDKLog [restartedMain] Starting service [Tomcat]
2023-02-20 22:59:55,972 INFO o.a.j.l.DirectJDKLog [restartedMain] Starting Servlet engine: [Apache Tomcat/9.0.70]
2023-02-20 22:59:55,988 INFO o.a.j.l.DirectJDKLog [restartedMain] Initializing Spring embedded WebApplicationContext
2023-02-20 22:59:55,988 INFO o.s.b.w.s.c.ServletWebServerApplicationContext [restartedMain] Root WebApplicationContext: initialization completed in 272 ms
2023-02-20 22:59:56,035 INFO o.h.j.i.u.LogHelper [restartedMain] HHH000204: Processing PersistenceUnitInfo [name: default]
2023-02-20 22:59:56,039 INFO c.z.h.HikariDataSource [restartedMain] HikariPool-15 - Starting...
2023-02-20 22:59:56,059 INFO c.z.h.HikariDataSource [restartedMain] HikariPool-15 - Start completed.
2023-02-20 22:59:56,059 INFO o.h.d.Dialect [restartedMain] HHH000400: Using dialect: org.hibernate.dialect.PostgreSQL10Dialect
2023-02-20 22:59:56,064 WARN o.h.b.i.InFlightMetadataCollectorImpl [restartedMain] HHH000069: Duplicate generator name default_generator
2023-02-20 22:59:56,065 WARN o.h.b.i.InFlightMetadataCollectorImpl [restartedMain] HHH000069: Duplicate generator name default_generator
2023-02-20 22:59:56,065 WARN o.h.b.i.InFlightMetadataCollectorImpl [restartedMain] HHH000069: Duplicate generator name default_generator
2023-02-20 22:59:56,066 WARN o.h.b.i.InFlightMetadataCollectorImpl [restartedMain] HHH000069: Duplicate generator name default_generator
2023-02-20 22:59:56,067 WARN o.h.b.i.InFlightMetadataCollectorImpl [restartedMain] HHH000069: Duplicate generator name default_generator
2023-02-20 22:59:56,200 INFO o.h.e.t.j.p.i.JtaPlatformInitiator [restartedMain] HHH000490: Using JtaPlatform implementation: [org.hibernate.engine.transaction.jta.platform.internal.NoJtaPlatform]
2023-02-20 22:59:56,200 INFO o.s.o.j.AbstractEntityManagerFactoryBean [restartedMain] Initialized JPA EntityManagerFactory for persistence unit 'default'
2023-02-20 22:59:56,433 INFO o.s.s.w.DefaultSecurityFilterChain [restartedMain] Will secure any request with [org.springframework.security.web.session.DisableEncodeUrlFilter@42e43060, org.springframework.security.web.context.request.async.WebAsyncManagerIntegrationFilter@23788e7e, org.springframework.security.web.context.SecurityContextPersistenceFilter@1f7e2b17, org.springframework.security.web.header.HeaderWriterFilter@e0ff02, org.springframework.security.web.authentication.logout.LogoutFilter@75698926, org.springframework.security.web.authentication.UsernamePasswordAuthenticationFilter@6a1fc9b7, org.springframework.security.web.savedrequest.RequestCacheAwareFilter@9aacb61, org.springframework.security.web.servletapi.SecurityContextHolderAwareRequestFilter@eb52db9, org.springframework.security.web.authentication.AnonymousAuthenticationFilter@7f35b37e, org.springframework.security.web.session.SessionManagementFilter@17505a3b, org.springframework.security.web.access.ExceptionTranslationFilter@4d4b6138, org.springframework.security.web.access.intercept.FilterSecurityInterceptor@44931047]
2023-02-20 22:59:56,456 WARN o.s.b.a.o.j.JpaBaseConfiguration$JpaWebConfiguration [restartedMain] spring.jpa.open-in-view is enabled by default. Therefore, database queries may be performed during view rendering. Explicitly configure spring.jpa.open-in-view to disable this warning
2023-02-20 22:59:56,487 INFO o.s.b.a.w.s.WelcomePageHandlerMapping [restartedMain] Adding welcome page template: index
2023-02-20 22:59:56,660 INFO o.s.b.d.a.OptionalLiveReloadServer [restartedMain] LiveReload server is running on port 35729
2023-02-20 22:59:56,667 INFO o.a.j.l.DirectJDKLog [restartedMain] Starting ProtocolHandler ["http-nio-9090"]
2023-02-20 22:59:56,669 INFO o.s.b.w.e.t.TomcatWebServer [restartedMain] Tomcat started on port(s): 9090 (http) with context path ''
2023-02-20 22:59:56,672 INFO o.s.b.StartupInfoLogger [restartedMain] Started TortLandApplication in 0.997 seconds (JVM running for 12420.014)
2023-02-20 22:59:56,673 INFO o.s.b.d.a.ConditionEvaluationDeltaLoggingListener [restartedMain] Condition evaluation unchanged
