2023-02-20 22:59:58,111 INFO o.s.b.d.a.LocalDevToolsAutoConfiguration$RestartingClassPathChangeChangedEventListener [File Watcher] Restarting due to 1 class path change (1 addition, 0 deletions, 0 modifications)
2023-02-20 22:59:58,127 INFO o.a.j.l.DirectJDKLog [Thread-57] Pausing ProtocolHandler ["http-nio-9090"]
2023-02-20 22:59:58,127 INFO o.a.j.l.DirectJDKLog [Thread-57] Stopping service [Tomcat]
2023-02-20 22:59:58,129 INFO o.a.j.l.DirectJDKLog [Thread-57] Stopping ProtocolHandler ["http-nio-9090"]
2023-02-20 22:59:58,130 INFO o.a.j.l.DirectJDKLog [Thread-57] Destroying ProtocolHandler ["http-nio-9090"]
2023-02-20 22:59:58,131 INFO o.s.o.j.AbstractEntityManagerFactoryBean [Thread-57] Closing JPA EntityManagerFactory for persistence unit 'default'
2023-02-20 22:59:58,131 INFO c.z.h.HikariDataSource [Thread-57] HikariPool-15 - Shutdown initiated...
2023-02-20 22:59:58,133 INFO c.z.h.HikariDataSource [Thread-57] HikariPool-15 - Shutdown completed.
2023-02-20 22:59:58,160 INFO o.s.t.c.s.AbstractTestContextBootstrapper [main] Neither @ContextConfiguration nor @ContextHierarchy found for test class [com.example.tortland.controller.OrderControllerTest], using SpringBootContextLoader
2023-02-20 22:59:58,168 INFO o.s.t.c.s.AbstractContextLoader [main] Could not detect default resource locations for test class [com.example.tortland.controller.OrderControllerTest]: no resource found for suffixes {-context.xml, Context.groovy}.
2023-02-20 22:59:58,169 INFO o.s.t.c.s.AnnotationConfigContextLoaderUtils [main] Could not detect default configuration classes for test class [com.example.tortland.controller.OrderControllerTest]: OrderControllerTest does not declare any static, non-private, non-final, nested classes annotated with @Configuration.
2023-02-20 22:59:58,208 INFO o.s.b.StartupInfoLogger [restartedMain] Starting TortLandApplication using Java 18.0.2 on DESKTOP-E1SLKID with PID 29400 (C:\Add\TortLand\target\classes started by MRCL in C:\Add\TortLand)
2023-02-20 22:59:58,209 INFO o.s.b.SpringApplication [restartedMain] No active profile set, falling back to 1 default profile: "default"
2023-02-20 22:59:58,249 INFO o.s.b.t.c.SpringBootTestContextBootstrapper [main] Found @SpringBootConfiguration com.example.tortland.TortLandApplication for test class com.example.tortland.controller.OrderControllerTest
2023-02-20 22:59:58,308 INFO o.s.t.c.s.AbstractTestContextBootstrapper [main] Loaded default TestExecutionListener class names from location [META-INF/spring.factories]: [org.springframework.boot.test.mock.mockito.MockitoTestExecutionListener, org.springframework.boot.test.mock.mockito.ResetMocksTestExecutionListener, org.springframework.boot.test.autoconfigure.restdocs.RestDocsTestExecutionListener, org.springframework.boot.test.autoconfigure.web.client.MockRestServiceServerResetTestExecutionListener, org.springframework.boot.test.autoconfigure.web.servlet.MockMvcPrintOnlyOnFailureTestExecutionListener, org.springframework.boot.test.autoconfigure.web.servlet.WebDriverTestExecutionListener, org.springframework.boot.test.autoconfigure.webservices.client.MockWebServiceServerTestExecutionListener, org.springframework.test.context.web.ServletTestExecutionListener, org.springframework.test.context.support.DirtiesContextBeforeModesTestExecutionListener, org.springframework.test.context.event.ApplicationEventsTestExecutionListener, org.springframework.test.context.support.DependencyInjectionTestExecutionListener, org.springframework.test.context.support.DirtiesContextTestExecutionListener, org.springframework.test.context.transaction.TransactionalTestExecutionListener, org.springframework.test.context.jdbc.SqlScriptsTestExecutionListener, org.springframework.test.context.event.EventPublishingTestExecutionListener, org.springframework.security.test.context.support.WithSecurityContextTestExecutionListener, org.springframework.security.test.context.support.ReactorContextTestExecutionListener]
2023-02-20 22:59:58,319 INFO o.s.t.c.s.AbstractTestContextBootstrapper [main] Using TestExecutionListeners: [org.springframework.test.context.web.ServletTestExecutionListener@6134ac4a, org.springframework.test.context.support.DirtiesContextBeforeModesTestExecutionListener@777c9dc9, org.springframework.test.context.event.ApplicationEventsTestExecutionListener@71b1a49c, org.springframework.boot.test.mock.mockito.MockitoTestExecutionListener@73e132e0, org.springframework.boot.test.autoconfigure.SpringBootDependencyInjectionTestExecutionListener@3773862a, org.springframework.test.context.support.DirtiesContextTestExecutionListener@2472c7d8, org.springframework.test.context.transaction.TransactionalTestExecutionListener@589b028e, org.springframework.test.context.jdbc.SqlScriptsTestExecutionListener@22175d4f, org.springframework.test.context.event.EventPublishingTestExecutionListener@9fecdf1, org.springframework.security.test.context.support.WithSecurityContextTestExecutionListener@3b809711, org.springframework.security.test.context.support.ReactorContextTestExecutionListener@3b0f7d9d, org.springframework.boot.test.mock.mockito.ResetMocksTestExecutionListener@236ab296, org.springframework.boot.test.autoconfigure.restdocs.RestDocsTestExecutionListener@5c84624f, org.springframework.boot.test.autoconfigure.web.client.MockRestServiceServerResetTestExecutionListener@63034ed1, org.springframework.boot.test.autoconfigure.web.servlet.MockMvcPrintOnlyOnFailureTestExecutionListener@232024b9, org.springframework.boot.test.autoconfigure.web.servlet.WebDriverTestExecutionListener@55a8dc49, org.springframework.boot.test.autoconfigure.webservices.client.MockWebServiceServerTestExecutionListener@2a415aa9]
2023-02-20 22:59:58,339 INFO o.s.d.r.c.RepositoryConfigurationDelegate [restartedMain] Multiple Spring Data modules found, entering strict repository configuration mode
2023-02-20 22:59:58,339 INFO o.s.d.r.c.RepositoryConfigurationDelegate [restartedMain] Bootstrapping Spring Data JDBC repositories in DEFAULT mode.
2023-02-20 22:59:58,345 INFO o.s.d.r.c.RepositoryConfigurationExtensionSupport [restartedMain] Spring Data JDBC - Could not safely identify store assignment for repository candidate interface com.example.tortland.repository.CakeRepository; If you want this repository to be a JDBC repository, consider annotating your entities with one of these annotations: org.springframework.data.relational.core.mapping.Table.
2023-02-20 22:59:58,346 INFO o.s.d.r.c.RepositoryConfigurationExtensionSupport [restartedMain] Spring Data JDBC - Could not safely identify store assignment for repository candidate interface com.example.tortland.repository.CustomOrderRepository; If you want this repository to be a JDBC repository, consider annotating your entities with one of these annotations: org.springframework.data.relational.core.mapping.Table.
2023-02-20 22:59:58,346 INFO o.s.d.r.c.RepositoryConfigurationExtensionSupport [restartedMain] Spring Data JDBC - Could not safely identify store assignment for repository candidate interface com.example.tortland.repository.FillingRepository; If you want this repository to be a JDBC repository, consider annotating your entities with one of these annotations: org.springframework.data.relational.core.mapping.Table.
2023-02-20 22:59:58,347 INFO o.s.d.r.c.RepositoryConfigurationExtensionSupport [restartedMain] Spring Data JDBC - Could not safely identify store assignment for repository candidate interface com.example.tortland.repository.ImageRepository; If you want this repository to be a JDBC repository, consider annotating your entities with one of these annotations: org.springframework.data.relational.core.mapping.Table.
2023-02-20 22:59:58,347 INFO o.s.d.r.c.RepositoryConfigurationExtensionSupport [restartedMain] Spring Data JDBC - Could not safely identify store assignment for repository candidate interface com.example.tortland.repository.OrderRepository; If you want this repository to be a JDBC repository, consider annotating your entities with one of these annotations: org.springframework.data.relational.core.mapping.Table.
2023-02-20 22:59:58,348 INFO o.s.d.r.c.RepositoryConfigurationExtensionSupport [restartedMain] Spring Data JDBC - Could not safely identify store assignment for repository candidate interface com.example.tortland.repository.RoleRepository; If you want this repository to be a JDBC repository, consider annotating your entities with one of these annotations: org.springframework.data.relational.core.mapping.Table.
2023-02-20 22:59:58,348 INFO o.s.d.r.c.RepositoryConfigurationExtensionSupport [restartedMain] Spring Data JDBC - Could not safely identify store assignment for repository candidate interface com.example.tortland.repository.UserRepository; If you want this repository to be a JDBC repository, consider annotating your entities with one of these annotations: org.springframework.data.relational.core.mapping.Table.
2023-02-20 22:59:58,348 INFO o.s.d.r.c.RepositoryConfigurationDelegate [restartedMain] Finished Spring Data repository scanning in 9 ms. Found 0 JDBC repository interfaces.
2023-02-20 22:59:58,350 INFO o.s.d.r.c.RepositoryConfigurationDelegate [restartedMain] Multiple Spring Data modules found, entering strict repository configuration mode
2023-02-20 22:59:58,350 INFO o.s.d.r.c.RepositoryConfigurationDelegate [restartedMain] Bootstrapping Spring Data JPA repositories in DEFAULT mode.
2023-02-20 22:59:58,362 INFO o.s.d.r.c.RepositoryConfigurationDelegate [restartedMain] Finished Spring Data repository scanning in 11 ms. Found 7 JPA repository interfaces.
2023-02-20 22:59:58,419 INFO o.s.b.w.e.t.TomcatWebServer [restartedMain] Tomcat initialized with port(s): 9090 (http)
2023-02-20 22:59:58,419 INFO o.a.j.l.DirectJDKLog [restartedMain] Initializing ProtocolHandler ["http-nio-9090"]
2023-02-20 22:59:58,419 INFO o.a.j.l.DirectJDKLog [restartedMain] Starting service [Tomcat]
2023-02-20 22:59:58,419 INFO o.a.j.l.DirectJDKLog [restartedMain] Starting Servlet engine: [Apache Tomcat/9.0.70]
2023-02-20 22:59:58,433 INFO o.a.j.l.DirectJDKLog [restartedMain] Initializing Spring embedded WebApplicationContext
2023-02-20 22:59:58,433 INFO o.s.b.w.s.c.ServletWebServerApplicationContext [restartedMain] Root WebApplicationContext: initialization completed in 224 ms
2023-02-20 22:59:58,465 INFO o.h.j.i.u.LogHelper [restartedMain] HHH000204: Processing PersistenceUnitInfo [name: default]
2023-02-20 22:59:58,469 INFO c.z.h.HikariDataSource [restartedMain] HikariPool-16 - Starting...
2023-02-20 22:59:58,489 INFO c.z.h.HikariDataSource [restartedMain] HikariPool-16 - Start completed.
2023-02-20 22:59:58,489 INFO o.h.d.Dialect [restartedMain] HHH000400: Using dialect: org.hibernate.dialect.PostgreSQL10Dialect
2023-02-20 22:59:58,494 WARN o.h.b.i.InFlightMetadataCollectorImpl [restartedMain] HHH000069: Duplicate generator name default_generator
2023-02-20 22:59:58,495 WARN o.h.b.i.InFlightMetadataCollectorImpl [restartedMain] HHH000069: Duplicate generator name default_generator
2023-02-20 22:59:58,495 WARN o.h.b.i.InFlightMetadataCollectorImpl [restartedMain] HHH000069: Duplicate generator name default_generator
2023-02-20 22:59:58,496 WARN o.h.b.i.InFlightMetadataCollectorImpl [restartedMain] HHH000069: Duplicate generator name default_generator
2023-02-20 22:59:58,497 WARN o.h.b.i.InFlightMetadataCollectorImpl [restartedMain] HHH000069: Duplicate generator name default_generator
2023-02-20 22:59:58,498 INFO o.h.v.i.u.Version [background-preinit] HV000001: Hibernate Validator 6.2.5.Final
2023-02-20 22:59:58,532 INFO o.s.b.StartupInfoLogger [main] Starting OrderControllerTest using Java 18.0.2 on DESKTOP-E1SLKID with PID 31624 (started by MRCL in C:\Add\TortLand)
2023-02-20 22:59:58,536 INFO o.s.b.SpringApplication [main] No active profile set, falling back to 1 default profile: "default"
2023-02-20 22:59:58,644 INFO o.h.e.t.j.p.i.JtaPlatformInitiator [restartedMain] HHH000490: Using JtaPlatform implementation: [org.hibernate.engine.transaction.jta.platform.internal.NoJtaPlatform]
2023-02-20 22:59:58,644 INFO o.s.o.j.AbstractEntityManagerFactoryBean [restartedMain] Initialized JPA EntityManagerFactory for persistence unit 'default'
2023-02-20 22:59:58,877 INFO o.s.s.w.DefaultSecurityFilterChain [restartedMain] Will secure any request with [org.springframework.security.web.session.DisableEncodeUrlFilter@299e42e8, org.springframework.security.web.context.request.async.WebAsyncManagerIntegrationFilter@66b9b13b, org.springframework.security.web.context.SecurityContextPersistenceFilter@2550dd89, org.springframework.security.web.header.HeaderWriterFilter@6913e552, org.springframework.security.web.authentication.logout.LogoutFilter@7fcdf42e, org.springframework.security.web.authentication.UsernamePasswordAuthenticationFilter@7537aa42, org.springframework.security.web.savedrequest.RequestCacheAwareFilter@11a47287, org.springframework.security.web.servletapi.SecurityContextHolderAwareRequestFilter@67eb2c94, org.springframework.security.web.authentication.AnonymousAuthenticationFilter@3243bc17, org.springframework.security.web.session.SessionManagementFilter@21e35c35, org.springframework.security.web.access.ExceptionTranslationFilter@60da934f, org.springframework.security.web.access.intercept.FilterSecurityInterceptor@70549f44]
2023-02-20 22:59:58,895 WARN o.s.b.a.o.j.JpaBaseConfiguration$JpaWebConfiguration [restartedMain] spring.jpa.open-in-view is enabled by default. Therefore, database queries may be performed during view rendering. Explicitly configure spring.jpa.open-in-view to disable this warning
2023-02-20 22:59:58,924 INFO o.s.b.a.w.s.WelcomePageHandlerMapping [restartedMain] Adding welcome page template: index
2023-02-20 22:59:59,087 INFO o.s.b.d.a.OptionalLiveReloadServer [restartedMain] LiveReload server is running on port 35729
2023-02-20 22:59:59,096 INFO o.a.j.l.DirectJDKLog [restartedMain] Starting ProtocolHandler ["http-nio-9090"]
2023-02-20 22:59:59,099 INFO o.s.b.w.e.t.TomcatWebServer [restartedMain] Tomcat started on port(s): 9090 (http) with context path ''
2023-02-20 22:59:59,103 INFO o.s.b.StartupInfoLogger [restartedMain] Started TortLandApplication in 0.92 seconds (JVM running for 12422.445)
2023-02-20 22:59:59,104 INFO o.s.b.d.a.ConditionEvaluationDeltaLoggingListener [restartedMain] Condition evaluation unchanged
2023-02-20 22:59:59,246 INFO o.s.d.r.c.RepositoryConfigurationDelegate [main] Multiple Spring Data modules found, entering strict repository configuration mode
2023-02-20 22:59:59,247 INFO o.s.d.r.c.RepositoryConfigurationDelegate [main] Bootstrapping Spring Data JDBC repositories in DEFAULT mode.
2023-02-20 22:59:59,271 INFO o.s.d.r.c.RepositoryConfigurationExtensionSupport [main] Spring Data JDBC - Could not safely identify store assignment for repository candidate interface com.example.tortland.repository.CakeRepository; If you want this repository to be a JDBC repository, consider annotating your entities with one of these annotations: org.springframework.data.relational.core.mapping.Table.
2023-02-20 22:59:59,272 INFO o.s.d.r.c.RepositoryConfigurationExtensionSupport [main] Spring Data JDBC - Could not safely identify store assignment for repository candidate interface com.example.tortland.repository.CustomOrderRepository; If you want this repository to be a JDBC repository, consider annotating your entities with one of these annotations: org.springframework.data.relational.core.mapping.Table.
2023-02-20 22:59:59,273 INFO o.s.d.r.c.RepositoryConfigurationExtensionSupport [main] Spring Data JDBC - Could not safely identify store assignment for repository candidate interface com.example.tortland.repository.FillingRepository; If you want this repository to be a JDBC repository, consider annotating your entities with one of these annotations: org.springframework.data.relational.core.mapping.Table.
2023-02-20 22:59:59,274 INFO o.s.d.r.c.RepositoryConfigurationExtensionSupport [main] Spring Data JDBC - Could not safely identify store assignment for repository candidate interface com.example.tortland.repository.ImageRepository; If you want this repository to be a JDBC repository, consider annotating your entities with one of these annotations: org.springframework.data.relational.core.mapping.Table.
2023-02-20 22:59:59,275 INFO o.s.d.r.c.RepositoryConfigurationExtensionSupport [main] Spring Data JDBC - Could not safely identify store assignment for repository candidate interface com.example.tortland.repository.OrderRepository; If you want this repository to be a JDBC repository, consider annotating your entities with one of these annotations: org.springframework.data.relational.core.mapping.Table.
2023-02-20 22:59:59,276 INFO o.s.d.r.c.RepositoryConfigurationExtensionSupport [main] Spring Data JDBC - Could not safely identify store assignment for repository candidate interface com.example.tortland.repository.RoleRepository; If you want this repository to be a JDBC repository, consider annotating your entities with one of these annotations: org.springframework.data.relational.core.mapping.Table.
2023-02-20 22:59:59,277 INFO o.s.d.r.c.RepositoryConfigurationExtensionSupport [main] Spring Data JDBC - Could not safely identify store assignment for repository candidate interface com.example.tortland.repository.UserRepository; If you want this repository to be a JDBC repository, consider annotating your entities with one of these annotations: org.springframework.data.relational.core.mapping.Table.
2023-02-20 22:59:59,277 INFO o.s.d.r.c.RepositoryConfigurationDelegate [main] Finished Spring Data repository scanning in 27 ms. Found 0 JDBC repository interfaces.
2023-02-20 22:59:59,284 INFO o.s.d.r.c.RepositoryConfigurationDelegate [main] Multiple Spring Data modules found, entering strict repository configuration mode
2023-02-20 22:59:59,285 INFO o.s.d.r.c.RepositoryConfigurationDelegate [main] Bootstrapping Spring Data JPA repositories in DEFAULT mode.
2023-02-20 22:59:59,313 INFO o.s.d.r.c.RepositoryConfigurationDelegate [main] Finished Spring Data repository scanning in 26 ms. Found 7 JPA repository interfaces.
2023-02-20 22:59:59,945 INFO o.s.b.w.e.t.TomcatWebServer [main] Tomcat initialized with port(s): 0 (http)
2023-02-20 22:59:59,953 INFO o.a.j.l.DirectJDKLog [main] Initializing ProtocolHandler ["http-nio-auto-1"]
2023-02-20 22:59:59,953 INFO o.a.j.l.DirectJDKLog [main] Starting service [Tomcat]
2023-02-20 22:59:59,954 INFO o.a.j.l.DirectJDKLog [main] Starting Servlet engine: [Apache Tomcat/9.0.70]
2023-02-20 23:00:00,040 INFO o.a.j.l.DirectJDKLog [main] Initializing Spring embedded WebApplicationContext
2023-02-20 23:00:00,040 INFO o.s.b.w.s.c.ServletWebServerApplicationContext [main] Root WebApplicationContext: initialization completed in 1315 ms
2023-02-20 23:00:00,236 INFO o.h.j.i.u.LogHelper [main] HHH000204: Processing PersistenceUnitInfo [name: default]
2023-02-20 23:00:00,282 INFO o.h.Version [main] HHH000412: Hibernate ORM core version 5.6.14.Final
2023-02-20 23:00:00,395 INFO o.h.a.c.r.j.JavaReflectionManager [main] HCANN000001: Hibernate Commons Annotations {5.1.2.Final}
2023-02-20 23:00:00,465 INFO c.z.h.HikariDataSource [main] HikariPool-1 - Starting...
2023-02-20 23:00:00,574 INFO c.z.h.HikariDataSource [main] HikariPool-1 - Start completed.
2023-02-20 23:00:00,595 INFO o.h.d.Dialect [main] HHH000400: Using dialect: org.hibernate.dialect.PostgreSQL10Dialect
2023-02-20 23:00:00,700 WARN o.h.b.i.InFlightMetadataCollectorImpl [main] HHH000069: Duplicate generator name default_generator
2023-02-20 23:00:00,704 WARN o.h.b.i.InFlightMetadataCollectorImpl [main] HHH000069: Duplicate generator name default_generator
2023-02-20 23:00:00,706 WARN o.h.b.i.InFlightMetadataCollectorImpl [main] HHH000069: Duplicate generator name default_generator
2023-02-20 23:00:00,710 WARN o.h.b.i.InFlightMetadataCollectorImpl [main] HHH000069: Duplicate generator name default_generator
2023-02-20 23:00:00,716 WARN o.h.b.i.InFlightMetadataCollectorImpl [main] HHH000069: Duplicate generator name default_generator
2023-02-20 23:00:01,270 INFO o.h.e.t.j.p.i.JtaPlatformInitiator [main] HHH000490: Using JtaPlatform implementation: [org.hibernate.engine.transaction.jta.platform.internal.NoJtaPlatform]
2023-02-20 23:00:01,276 INFO o.s.o.j.AbstractEntityManagerFactoryBean [main] Initialized JPA EntityManagerFactory for persistence unit 'default'
2023-02-20 23:00:02,157 INFO o.s.s.w.DefaultSecurityFilterChain [main] Will secure any request with [org.springframework.security.web.session.DisableEncodeUrlFilter@6f526f91, org.springframework.security.web.context.request.async.WebAsyncManagerIntegrationFilter@26c349fc, org.springframework.security.web.context.SecurityContextPersistenceFilter@794b139b, org.springframework.security.web.header.HeaderWriterFilter@6223dbed, org.springframework.security.web.authentication.logout.LogoutFilter@2f271ae2, org.springframework.security.web.authentication.UsernamePasswordAuthenticationFilter@7f289126, org.springframework.security.web.savedrequest.RequestCacheAwareFilter@38f4a641, org.springframework.security.web.servletapi.SecurityContextHolderAwareRequestFilter@1902ad0f, org.springframework.security.web.authentication.AnonymousAuthenticationFilter@54d0d561, org.springframework.security.web.session.SessionManagementFilter@c42ee90, org.springframework.security.web.access.ExceptionTranslationFilter@7b9b244e, org.springframework.security.web.access.intercept.FilterSecurityInterceptor@402d45c6]
2023-02-20 23:00:02,303 WARN o.s.b.a.o.j.JpaBaseConfiguration$JpaWebConfiguration [main] spring.jpa.open-in-view is enabled by default. Therefore, database queries may be performed during view rendering. Explicitly configure spring.jpa.open-in-view to disable this warning
2023-02-20 23:00:02,503 INFO o.s.b.a.w.s.WelcomePageHandlerMapping [main] Adding welcome page template: index
2023-02-20 23:00:03,387 INFO o.a.j.l.DirectJDKLog [main] Initializing Spring TestDispatcherServlet ''
2023-02-20 23:00:03,387 INFO o.s.w.s.FrameworkServlet [main] Initializing Servlet ''
2023-02-20 23:00:03,388 INFO o.s.w.s.FrameworkServlet [main] Completed initialization in 1 ms
2023-02-20 23:00:03,416 INFO o.a.j.l.DirectJDKLog [main] Starting ProtocolHandler ["http-nio-auto-1"]
2023-02-20 23:00:03,459 INFO o.s.b.w.e.t.TomcatWebServer [main] Tomcat started on port(s): 63917 (http) with context path ''
2023-02-20 23:00:03,470 INFO o.s.b.StartupInfoLogger [main] Started OrderControllerTest in 5.131 seconds (JVM running for 6.113)
2023-02-20 23:00:03,795 INFO c.e.t.a.LoggerAspect [main] Enter: class com.example.tortland.controller.OrderController.update() with arguments = [GenericDTO(id=1, createdBy=null, createdWhen=null, updatedWhen=null, updatedBy=null, isDeleted=false, deletedWhen=null, deletedBy=null), UsernamePasswordAuthenticationToken [Principal={"user_id":"null","username":"admin","user_role":"[ROLE_admin]","user_password":"$2a$10$IRAa2L42Bz011.za0K6QrevQX2cGHIsbfouKkGdP9OU6S6klTsJn6"}, Credentials=[PROTECTED], Authenticated=true, Details=null, Granted Authorities=[ROLE_admin]]]
2023-02-20 23:00:03,900 INFO c.e.t.a.LoggerAspect [main] Exit: class com.example.tortland.controller.OrderController.update() with result = redirect:/orders
2023-02-20 23:00:03,949 INFO o.s.o.j.AbstractEntityManagerFactoryBean [SpringApplicationShutdownHook] Closing JPA EntityManagerFactory for persistence unit 'default'
2023-02-20 23:00:03,950 INFO c.z.h.HikariDataSource [SpringApplicationShutdownHook] HikariPool-1 - Shutdown initiated...
2023-02-20 23:00:03,952 INFO c.z.h.HikariDataSource [SpringApplicationShutdownHook] HikariPool-1 - Shutdown completed.
