2023-02-22 21:15:20,431 INFO o.h.v.i.u.Version [background-preinit] HV000001: Hibernate Validator 6.2.5.Final
2023-02-22 21:15:20,448 INFO o.s.b.StartupInfoLogger [restartedMain] Starting TortLandApplication using Java 18.0.2 on DESKTOP-E1SLKID with PID 31276 (C:\Add\TortLand\target\classes started by MRCL in C:\Add\TortLand)
2023-02-22 21:15:20,450 INFO o.s.b.SpringApplication [restartedMain] No active profile set, falling back to 1 default profile: "default"
2023-02-22 21:15:20,570 INFO o.s.b.l.DeferredLog [restartedMain] Devtools property defaults active! Set 'spring.devtools.add-properties' to 'false' to disable
2023-02-22 21:15:20,571 INFO o.s.b.l.DeferredLog [restartedMain] For additional web related logging consider setting the 'logging.level.web' property to 'DEBUG'
2023-02-22 21:15:20,986 INFO o.s.d.r.c.RepositoryConfigurationDelegate [restartedMain] Multiple Spring Data modules found, entering strict repository configuration mode
2023-02-22 21:15:20,987 INFO o.s.d.r.c.RepositoryConfigurationDelegate [restartedMain] Bootstrapping Spring Data JDBC repositories in DEFAULT mode.
2023-02-22 21:15:21,007 INFO o.s.d.r.c.RepositoryConfigurationExtensionSupport [restartedMain] Spring Data JDBC - Could not safely identify store assignment for repository candidate interface com.example.tortland.repository.CakeRepository; If you want this repository to be a JDBC repository, consider annotating your entities with one of these annotations: org.springframework.data.relational.core.mapping.Table.
2023-02-22 21:15:21,008 INFO o.s.d.r.c.RepositoryConfigurationExtensionSupport [restartedMain] Spring Data JDBC - Could not safely identify store assignment for repository candidate interface com.example.tortland.repository.CustomOrderRepository; If you want this repository to be a JDBC repository, consider annotating your entities with one of these annotations: org.springframework.data.relational.core.mapping.Table.
2023-02-22 21:15:21,009 INFO o.s.d.r.c.RepositoryConfigurationExtensionSupport [restartedMain] Spring Data JDBC - Could not safely identify store assignment for repository candidate interface com.example.tortland.repository.FillingRepository; If you want this repository to be a JDBC repository, consider annotating your entities with one of these annotations: org.springframework.data.relational.core.mapping.Table.
2023-02-22 21:15:21,010 INFO o.s.d.r.c.RepositoryConfigurationExtensionSupport [restartedMain] Spring Data JDBC - Could not safely identify store assignment for repository candidate interface com.example.tortland.repository.ImageRepository; If you want this repository to be a JDBC repository, consider annotating your entities with one of these annotations: org.springframework.data.relational.core.mapping.Table.
2023-02-22 21:15:21,011 INFO o.s.d.r.c.RepositoryConfigurationExtensionSupport [restartedMain] Spring Data JDBC - Could not safely identify store assignment for repository candidate interface com.example.tortland.repository.OrderRepository; If you want this repository to be a JDBC repository, consider annotating your entities with one of these annotations: org.springframework.data.relational.core.mapping.Table.
2023-02-22 21:15:21,011 INFO o.s.d.r.c.RepositoryConfigurationExtensionSupport [restartedMain] Spring Data JDBC - Could not safely identify store assignment for repository candidate interface com.example.tortland.repository.RoleRepository; If you want this repository to be a JDBC repository, consider annotating your entities with one of these annotations: org.springframework.data.relational.core.mapping.Table.
2023-02-22 21:15:21,012 INFO o.s.d.r.c.RepositoryConfigurationExtensionSupport [restartedMain] Spring Data JDBC - Could not safely identify store assignment for repository candidate interface com.example.tortland.repository.UserRepository; If you want this repository to be a JDBC repository, consider annotating your entities with one of these annotations: org.springframework.data.relational.core.mapping.Table.
2023-02-22 21:15:21,013 INFO o.s.d.r.c.RepositoryConfigurationDelegate [restartedMain] Finished Spring Data repository scanning in 23 ms. Found 0 JDBC repository interfaces.
2023-02-22 21:15:21,018 INFO o.s.d.r.c.RepositoryConfigurationDelegate [restartedMain] Multiple Spring Data modules found, entering strict repository configuration mode
2023-02-22 21:15:21,018 INFO o.s.d.r.c.RepositoryConfigurationDelegate [restartedMain] Bootstrapping Spring Data JPA repositories in DEFAULT mode.
2023-02-22 21:15:21,046 INFO o.s.d.r.c.RepositoryConfigurationDelegate [restartedMain] Finished Spring Data repository scanning in 25 ms. Found 7 JPA repository interfaces.
2023-02-22 21:15:21,401 INFO o.s.b.w.e.t.TomcatWebServer [restartedMain] Tomcat initialized with port(s): 9090 (http)
2023-02-22 21:15:21,406 INFO o.a.j.l.DirectJDKLog [restartedMain] Initializing ProtocolHandler ["http-nio-9090"]
2023-02-22 21:15:21,406 INFO o.a.j.l.DirectJDKLog [restartedMain] Starting service [Tomcat]
2023-02-22 21:15:21,406 INFO o.a.j.l.DirectJDKLog [restartedMain] Starting Servlet engine: [Apache Tomcat/9.0.70]
2023-02-22 21:15:21,456 INFO o.a.j.l.DirectJDKLog [restartedMain] Initializing Spring embedded WebApplicationContext
2023-02-22 21:15:21,457 INFO o.s.b.w.s.c.ServletWebServerApplicationContext [restartedMain] Root WebApplicationContext: initialization completed in 886 ms
2023-02-22 21:15:21,552 INFO o.h.j.i.u.LogHelper [restartedMain] HHH000204: Processing PersistenceUnitInfo [name: default]
2023-02-22 21:15:21,579 INFO o.h.Version [restartedMain] HHH000412: Hibernate ORM core version 5.6.14.Final
2023-02-22 21:15:21,644 INFO o.h.a.c.r.j.JavaReflectionManager [restartedMain] HCANN000001: Hibernate Commons Annotations {5.1.2.Final}
2023-02-22 21:15:21,698 INFO c.z.h.HikariDataSource [restartedMain] HikariPool-1 - Starting...
2023-02-22 21:15:21,773 INFO c.z.h.HikariDataSource [restartedMain] HikariPool-1 - Start completed.
2023-02-22 21:15:21,783 INFO o.h.d.Dialect [restartedMain] HHH000400: Using dialect: org.hibernate.dialect.PostgreSQL10Dialect
2023-02-22 21:15:21,857 WARN o.h.b.i.InFlightMetadataCollectorImpl [restartedMain] HHH000069: Duplicate generator name default_generator
2023-02-22 21:15:21,861 WARN o.h.b.i.InFlightMetadataCollectorImpl [restartedMain] HHH000069: Duplicate generator name default_generator
2023-02-22 21:15:21,863 WARN o.h.b.i.InFlightMetadataCollectorImpl [restartedMain] HHH000069: Duplicate generator name default_generator
2023-02-22 21:15:21,865 WARN o.h.b.i.InFlightMetadataCollectorImpl [restartedMain] HHH000069: Duplicate generator name default_generator
2023-02-22 21:15:21,869 WARN o.h.b.i.InFlightMetadataCollectorImpl [restartedMain] HHH000069: Duplicate generator name default_generator
2023-02-22 21:15:22,306 INFO o.h.e.t.j.p.i.JtaPlatformInitiator [restartedMain] HHH000490: Using JtaPlatform implementation: [org.hibernate.engine.transaction.jta.platform.internal.NoJtaPlatform]
2023-02-22 21:15:22,310 INFO o.s.o.j.AbstractEntityManagerFactoryBean [restartedMain] Initialized JPA EntityManagerFactory for persistence unit 'default'
2023-02-22 21:15:22,814 INFO o.s.s.w.DefaultSecurityFilterChain [restartedMain] Will secure any request with [org.springframework.security.web.session.DisableEncodeUrlFilter@90c3fcd, org.springframework.security.web.context.request.async.WebAsyncManagerIntegrationFilter@621f0285, org.springframework.security.web.context.SecurityContextPersistenceFilter@3c66ad6b, org.springframework.security.web.header.HeaderWriterFilter@bee3a35, org.springframework.security.web.authentication.logout.LogoutFilter@5ec9600e, org.springframework.security.web.authentication.UsernamePasswordAuthenticationFilter@3f8fea9f, org.springframework.security.web.savedrequest.RequestCacheAwareFilter@1f70cfcd, org.springframework.security.web.servletapi.SecurityContextHolderAwareRequestFilter@7a29d5d4, org.springframework.security.web.authentication.AnonymousAuthenticationFilter@2204d74b, org.springframework.security.web.session.SessionManagementFilter@52486c7b, org.springframework.security.web.access.ExceptionTranslationFilter@9a9c850, org.springframework.security.web.access.intercept.FilterSecurityInterceptor@368ad8d7]
2023-02-22 21:15:22,885 WARN o.s.b.a.o.j.JpaBaseConfiguration$JpaWebConfiguration [restartedMain] spring.jpa.open-in-view is enabled by default. Therefore, database queries may be performed during view rendering. Explicitly configure spring.jpa.open-in-view to disable this warning
2023-02-22 21:15:22,959 INFO o.s.b.a.w.s.WelcomePageHandlerMapping [restartedMain] Adding welcome page template: index
2023-02-22 21:15:23,342 INFO o.s.b.d.a.OptionalLiveReloadServer [restartedMain] LiveReload server is running on port 35729
2023-02-22 21:15:23,354 INFO o.a.j.l.DirectJDKLog [restartedMain] Starting ProtocolHandler ["http-nio-9090"]
2023-02-22 21:15:23,367 INFO o.s.b.w.e.t.TomcatWebServer [restartedMain] Tomcat started on port(s): 9090 (http) with context path ''
2023-02-22 21:15:23,375 INFO o.s.b.StartupInfoLogger [restartedMain] Started TortLandApplication in 3.091 seconds (JVM running for 3.655)
2023-02-22 21:15:28,852 INFO o.a.j.l.DirectJDKLog [http-nio-9090-exec-1] Initializing Spring DispatcherServlet 'dispatcherServlet'
2023-02-22 21:15:28,853 INFO o.s.w.s.FrameworkServlet [http-nio-9090-exec-1] Initializing Servlet 'dispatcherServlet'
2023-02-22 21:15:28,854 INFO o.s.w.s.FrameworkServlet [http-nio-9090-exec-1] Completed initialization in 1 ms
2023-02-22 21:15:28,883 INFO c.e.t.a.LoggerAspect [http-nio-9090-exec-1] Enter: class com.example.tortland.controller.CakeController.getAll() with arguments = [1, 9, {}, UsernamePasswordAuthenticationToken [Principal={"user_id":"10","username":"ksy","user_role":"[ROLE_USER]","user_password":"$2a$10$e8WWXykGO540CDeSKkxKEucmsJ9bZc956LhZB9iK9U9PrIKVR6omC"}, Credentials=[PROTECTED], Authenticated=true, Details=WebAuthenticationDetails [RemoteIpAddress=0:0:0:0:0:0:0:1, SessionId=null], Granted Authorities=[ROLE_USER]]]
2023-02-22 21:15:29,855 INFO c.e.t.a.LoggerAspect [http-nio-9090-exec-1] Exit: class com.example.tortland.controller.CakeController.getAll() with result = cakes/viewAllCakes
2023-02-22 21:15:31,510 INFO c.e.t.a.LoggerAspect [http-nio-9090-exec-4] Enter: class com.example.tortland.controller.CakeController.getCakeInfo() with arguments = [2, {}, UsernamePasswordAuthenticationToken [Principal={"user_id":"10","username":"ksy","user_role":"[ROLE_USER]","user_password":"$2a$10$e8WWXykGO540CDeSKkxKEucmsJ9bZc956LhZB9iK9U9PrIKVR6omC"}, Credentials=[PROTECTED], Authenticated=true, Details=WebAuthenticationDetails [RemoteIpAddress=0:0:0:0:0:0:0:1, SessionId=null], Granted Authorities=[ROLE_USER]]]
2023-02-22 21:15:31,775 INFO c.e.t.a.LoggerAspect [http-nio-9090-exec-4] Exit: class com.example.tortland.controller.CakeController.getCakeInfo() with result = cakes/viewInfoCakes
2023-02-22 21:15:37,390 INFO c.e.t.a.LoggerAspect [http-nio-9090-exec-9] Enter: class com.example.tortland.controller.CakeController.search() with arguments = [1, 9, {}, "Мак-лимон" (маковые коржи, лимонный курд, сливочный крем), UsernamePasswordAuthenticationToken [Principal={"user_id":"10","username":"ksy","user_role":"[ROLE_USER]","user_password":"$2a$10$e8WWXykGO540CDeSKkxKEucmsJ9bZc956LhZB9iK9U9PrIKVR6omC"}, Credentials=[PROTECTED], Authenticated=true, Details=WebAuthenticationDetails [RemoteIpAddress=0:0:0:0:0:0:0:1, SessionId=null], Granted Authorities=[ROLE_USER]]]
2023-02-22 21:15:37,625 INFO c.e.t.a.LoggerAspect [http-nio-9090-exec-9] Exit: class com.example.tortland.controller.CakeController.search() with result = cakes/searchCakes
2023-02-22 21:16:15,662 INFO o.s.o.j.AbstractEntityManagerFactoryBean [SpringApplicationShutdownHook] Closing JPA EntityManagerFactory for persistence unit 'default'
2023-02-22 21:16:15,663 INFO c.z.h.HikariDataSource [SpringApplicationShutdownHook] HikariPool-1 - Shutdown initiated...
2023-02-22 21:16:15,665 INFO c.z.h.HikariDataSource [SpringApplicationShutdownHook] HikariPool-1 - Shutdown completed.
