2023-02-22 21:26:04,324 INFO o.h.v.i.u.Version [background-preinit] HV000001: Hibernate Validator 6.2.5.Final
2023-02-22 21:26:04,342 INFO o.s.b.StartupInfoLogger [restartedMain] Starting TortLandApplication using Java 18.0.2 on DESKTOP-E1SLKID with PID 33424 (C:\Add\TortLand\target\classes started by MRCL in C:\Add\TortLand)
2023-02-22 21:26:04,344 INFO o.s.b.SpringApplication [restartedMain] No active profile set, falling back to 1 default profile: "default"
2023-02-22 21:26:04,470 INFO o.s.b.l.DeferredLog [restartedMain] Devtools property defaults active! Set 'spring.devtools.add-properties' to 'false' to disable
2023-02-22 21:26:04,471 INFO o.s.b.l.DeferredLog [restartedMain] For additional web related logging consider setting the 'logging.level.web' property to 'DEBUG'
2023-02-22 21:26:04,885 INFO o.s.d.r.c.RepositoryConfigurationDelegate [restartedMain] Multiple Spring Data modules found, entering strict repository configuration mode
2023-02-22 21:26:04,886 INFO o.s.d.r.c.RepositoryConfigurationDelegate [restartedMain] Bootstrapping Spring Data JDBC repositories in DEFAULT mode.
2023-02-22 21:26:04,907 INFO o.s.d.r.c.RepositoryConfigurationExtensionSupport [restartedMain] Spring Data JDBC - Could not safely identify store assignment for repository candidate interface com.example.tortland.repository.CakeRepository; If you want this repository to be a JDBC repository, consider annotating your entities with one of these annotations: org.springframework.data.relational.core.mapping.Table.
2023-02-22 21:26:04,908 INFO o.s.d.r.c.RepositoryConfigurationExtensionSupport [restartedMain] Spring Data JDBC - Could not safely identify store assignment for repository candidate interface com.example.tortland.repository.CustomOrderRepository; If you want this repository to be a JDBC repository, consider annotating your entities with one of these annotations: org.springframework.data.relational.core.mapping.Table.
2023-02-22 21:26:04,909 INFO o.s.d.r.c.RepositoryConfigurationExtensionSupport [restartedMain] Spring Data JDBC - Could not safely identify store assignment for repository candidate interface com.example.tortland.repository.FillingRepository; If you want this repository to be a JDBC repository, consider annotating your entities with one of these annotations: org.springframework.data.relational.core.mapping.Table.
2023-02-22 21:26:04,910 INFO o.s.d.r.c.RepositoryConfigurationExtensionSupport [restartedMain] Spring Data JDBC - Could not safely identify store assignment for repository candidate interface com.example.tortland.repository.ImageRepository; If you want this repository to be a JDBC repository, consider annotating your entities with one of these annotations: org.springframework.data.relational.core.mapping.Table.
2023-02-22 21:26:04,911 INFO o.s.d.r.c.RepositoryConfigurationExtensionSupport [restartedMain] Spring Data JDBC - Could not safely identify store assignment for repository candidate interface com.example.tortland.repository.OrderRepository; If you want this repository to be a JDBC repository, consider annotating your entities with one of these annotations: org.springframework.data.relational.core.mapping.Table.
2023-02-22 21:26:04,911 INFO o.s.d.r.c.RepositoryConfigurationExtensionSupport [restartedMain] Spring Data JDBC - Could not safely identify store assignment for repository candidate interface com.example.tortland.repository.RoleRepository; If you want this repository to be a JDBC repository, consider annotating your entities with one of these annotations: org.springframework.data.relational.core.mapping.Table.
2023-02-22 21:26:04,913 INFO o.s.d.r.c.RepositoryConfigurationExtensionSupport [restartedMain] Spring Data JDBC - Could not safely identify store assignment for repository candidate interface com.example.tortland.repository.UserRepository; If you want this repository to be a JDBC repository, consider annotating your entities with one of these annotations: org.springframework.data.relational.core.mapping.Table.
2023-02-22 21:26:04,913 INFO o.s.d.r.c.RepositoryConfigurationDelegate [restartedMain] Finished Spring Data repository scanning in 24 ms. Found 0 JDBC repository interfaces.
2023-02-22 21:26:04,917 INFO o.s.d.r.c.RepositoryConfigurationDelegate [restartedMain] Multiple Spring Data modules found, entering strict repository configuration mode
2023-02-22 21:26:04,918 INFO o.s.d.r.c.RepositoryConfigurationDelegate [restartedMain] Bootstrapping Spring Data JPA repositories in DEFAULT mode.
2023-02-22 21:26:04,944 INFO o.s.d.r.c.RepositoryConfigurationDelegate [restartedMain] Finished Spring Data repository scanning in 23 ms. Found 7 JPA repository interfaces.
2023-02-22 21:26:05,311 INFO o.s.b.w.e.t.TomcatWebServer [restartedMain] Tomcat initialized with port(s): 9090 (http)
2023-02-22 21:26:05,315 INFO o.a.j.l.DirectJDKLog [restartedMain] Initializing ProtocolHandler ["http-nio-9090"]
2023-02-22 21:26:05,316 INFO o.a.j.l.DirectJDKLog [restartedMain] Starting service [Tomcat]
2023-02-22 21:26:05,316 INFO o.a.j.l.DirectJDKLog [restartedMain] Starting Servlet engine: [Apache Tomcat/9.0.70]
2023-02-22 21:26:05,367 INFO o.a.j.l.DirectJDKLog [restartedMain] Initializing Spring embedded WebApplicationContext
2023-02-22 21:26:05,367 INFO o.s.b.w.s.c.ServletWebServerApplicationContext [restartedMain] Root WebApplicationContext: initialization completed in 896 ms
2023-02-22 21:26:05,462 INFO o.h.j.i.u.LogHelper [restartedMain] HHH000204: Processing PersistenceUnitInfo [name: default]
2023-02-22 21:26:05,487 INFO o.h.Version [restartedMain] HHH000412: Hibernate ORM core version 5.6.14.Final
2023-02-22 21:26:05,553 INFO o.h.a.c.r.j.JavaReflectionManager [restartedMain] HCANN000001: Hibernate Commons Annotations {5.1.2.Final}
2023-02-22 21:26:05,605 INFO c.z.h.HikariDataSource [restartedMain] HikariPool-1 - Starting...
2023-02-22 21:26:05,677 INFO c.z.h.HikariDataSource [restartedMain] HikariPool-1 - Start completed.
2023-02-22 21:26:05,688 INFO o.h.d.Dialect [restartedMain] HHH000400: Using dialect: org.hibernate.dialect.PostgreSQL10Dialect
2023-02-22 21:26:05,762 WARN o.h.b.i.InFlightMetadataCollectorImpl [restartedMain] HHH000069: Duplicate generator name default_generator
2023-02-22 21:26:05,766 WARN o.h.b.i.InFlightMetadataCollectorImpl [restartedMain] HHH000069: Duplicate generator name default_generator
2023-02-22 21:26:05,767 WARN o.h.b.i.InFlightMetadataCollectorImpl [restartedMain] HHH000069: Duplicate generator name default_generator
2023-02-22 21:26:05,769 WARN o.h.b.i.InFlightMetadataCollectorImpl [restartedMain] HHH000069: Duplicate generator name default_generator
2023-02-22 21:26:05,772 WARN o.h.b.i.InFlightMetadataCollectorImpl [restartedMain] HHH000069: Duplicate generator name default_generator
2023-02-22 21:26:06,194 INFO o.h.e.t.j.p.i.JtaPlatformInitiator [restartedMain] HHH000490: Using JtaPlatform implementation: [org.hibernate.engine.transaction.jta.platform.internal.NoJtaPlatform]
2023-02-22 21:26:06,199 INFO o.s.o.j.AbstractEntityManagerFactoryBean [restartedMain] Initialized JPA EntityManagerFactory for persistence unit 'default'
2023-02-22 21:26:06,706 INFO o.s.s.w.DefaultSecurityFilterChain [restartedMain] Will secure any request with [org.springframework.security.web.session.DisableEncodeUrlFilter@2836b4aa, org.springframework.security.web.context.request.async.WebAsyncManagerIntegrationFilter@5e23080e, org.springframework.security.web.context.SecurityContextPersistenceFilter@2f101de4, org.springframework.security.web.header.HeaderWriterFilter@642bb4d7, org.springframework.security.web.authentication.logout.LogoutFilter@39824c02, org.springframework.security.web.authentication.UsernamePasswordAuthenticationFilter@5ebda07, org.springframework.security.web.savedrequest.RequestCacheAwareFilter@12a89d76, org.springframework.security.web.servletapi.SecurityContextHolderAwareRequestFilter@75f7774, org.springframework.security.web.authentication.AnonymousAuthenticationFilter@543da2f, org.springframework.security.web.session.SessionManagementFilter@549c2dd7, org.springframework.security.web.access.ExceptionTranslationFilter@61eefc4d, org.springframework.security.web.access.intercept.FilterSecurityInterceptor@3405270]
2023-02-22 21:26:06,782 WARN o.s.b.a.o.j.JpaBaseConfiguration$JpaWebConfiguration [restartedMain] spring.jpa.open-in-view is enabled by default. Therefore, database queries may be performed during view rendering. Explicitly configure spring.jpa.open-in-view to disable this warning
2023-02-22 21:26:06,858 INFO o.s.b.a.w.s.WelcomePageHandlerMapping [restartedMain] Adding welcome page template: index
2023-02-22 21:26:07,221 INFO o.s.b.d.a.OptionalLiveReloadServer [restartedMain] LiveReload server is running on port 35729
2023-02-22 21:26:07,233 INFO o.a.j.l.DirectJDKLog [restartedMain] Starting ProtocolHandler ["http-nio-9090"]
2023-02-22 21:26:07,247 INFO o.s.b.w.e.t.TomcatWebServer [restartedMain] Tomcat started on port(s): 9090 (http) with context path ''
2023-02-22 21:26:07,254 INFO o.s.b.StartupInfoLogger [restartedMain] Started TortLandApplication in 3.074 seconds (JVM running for 3.634)
2023-02-22 21:26:17,051 INFO o.a.j.l.DirectJDKLog [http-nio-9090-exec-1] Initializing Spring DispatcherServlet 'dispatcherServlet'
2023-02-22 21:26:17,051 INFO o.s.w.s.FrameworkServlet [http-nio-9090-exec-1] Initializing Servlet 'dispatcherServlet'
2023-02-22 21:26:17,052 INFO o.s.w.s.FrameworkServlet [http-nio-9090-exec-1] Completed initialization in 1 ms
2023-02-22 21:26:17,085 INFO c.e.t.a.LoggerAspect [http-nio-9090-exec-1] Enter: class com.example.tortland.controller.CakeController.search() with arguments = [1, 9, {}, "Мак-лимон" (маковые коржи, лимонный курд, сливочный крем), UsernamePasswordAuthenticationToken [Principal={"user_id":"10","username":"ksy","user_role":"[ROLE_USER]","user_password":"$2a$10$e8WWXykGO540CDeSKkxKEucmsJ9bZc956LhZB9iK9U9PrIKVR6omC"}, Credentials=[PROTECTED], Authenticated=true, Details=WebAuthenticationDetails [RemoteIpAddress=0:0:0:0:0:0:0:1, SessionId=null], Granted Authorities=[ROLE_USER]]]
2023-02-22 21:26:17,430 INFO c.e.t.a.LoggerAspect [http-nio-9090-exec-1] Exit: class com.example.tortland.controller.CakeController.search() with result = cakes/searchCakes
2023-02-22 21:26:20,113 INFO c.e.t.a.LoggerAspect [http-nio-9090-exec-6] Enter: class com.example.tortland.controller.CakeController.getCakeInfo() with arguments = [2, {}, UsernamePasswordAuthenticationToken [Principal={"user_id":"10","username":"ksy","user_role":"[ROLE_USER]","user_password":"$2a$10$e8WWXykGO540CDeSKkxKEucmsJ9bZc956LhZB9iK9U9PrIKVR6omC"}, Credentials=[PROTECTED], Authenticated=true, Details=WebAuthenticationDetails [RemoteIpAddress=0:0:0:0:0:0:0:1, SessionId=null], Granted Authorities=[ROLE_USER]]]
2023-02-22 21:26:20,394 INFO c.e.t.a.LoggerAspect [http-nio-9090-exec-6] Exit: class com.example.tortland.controller.CakeController.getCakeInfo() with result = cakes/viewInfoCakes
2023-02-22 21:26:27,791 INFO c.e.t.a.LoggerAspect [http-nio-9090-exec-9] Enter: class com.example.tortland.controller.CakeController.search() with arguments = [1, 9, {}, крем, UsernamePasswordAuthenticationToken [Principal={"user_id":"10","username":"ksy","user_role":"[ROLE_USER]","user_password":"$2a$10$e8WWXykGO540CDeSKkxKEucmsJ9bZc956LhZB9iK9U9PrIKVR6omC"}, Credentials=[PROTECTED], Authenticated=true, Details=WebAuthenticationDetails [RemoteIpAddress=0:0:0:0:0:0:0:1, SessionId=null], Granted Authorities=[ROLE_USER]]]
2023-02-22 21:26:28,551 INFO c.e.t.a.LoggerAspect [http-nio-9090-exec-9] Exit: class com.example.tortland.controller.CakeController.search() with result = cakes/searchCakes
2023-02-22 21:26:32,149 INFO c.e.t.a.LoggerAspect [http-nio-9090-exec-1] Enter: class com.example.tortland.controller.CakeController.getCakeInfo() with arguments = [5, {}, UsernamePasswordAuthenticationToken [Principal={"user_id":"10","username":"ksy","user_role":"[ROLE_USER]","user_password":"$2a$10$e8WWXykGO540CDeSKkxKEucmsJ9bZc956LhZB9iK9U9PrIKVR6omC"}, Credentials=[PROTECTED], Authenticated=true, Details=WebAuthenticationDetails [RemoteIpAddress=0:0:0:0:0:0:0:1, SessionId=null], Granted Authorities=[ROLE_USER]]]
2023-02-22 21:26:32,335 INFO c.e.t.a.LoggerAspect [http-nio-9090-exec-1] Exit: class com.example.tortland.controller.CakeController.getCakeInfo() with result = cakes/viewInfoCakes
2023-02-22 21:26:39,874 INFO c.e.t.a.LoggerAspect [http-nio-9090-exec-6] Enter: class com.example.tortland.controller.CakeController.search() with arguments = [1, 9, {}, карамель, UsernamePasswordAuthenticationToken [Principal={"user_id":"10","username":"ksy","user_role":"[ROLE_USER]","user_password":"$2a$10$e8WWXykGO540CDeSKkxKEucmsJ9bZc956LhZB9iK9U9PrIKVR6omC"}, Credentials=[PROTECTED], Authenticated=true, Details=WebAuthenticationDetails [RemoteIpAddress=0:0:0:0:0:0:0:1, SessionId=null], Granted Authorities=[ROLE_USER]]]
2023-02-22 21:26:40,431 INFO c.e.t.a.LoggerAspect [http-nio-9090-exec-6] Exit: class com.example.tortland.controller.CakeController.search() with result = cakes/searchCakes
2023-02-22 21:26:47,065 INFO c.e.t.a.LoggerAspect [http-nio-9090-exec-10] Enter: class com.example.tortland.controller.CakeController.search() with arguments = [1, 9, {}, карамельный, UsernamePasswordAuthenticationToken [Principal={"user_id":"10","username":"ksy","user_role":"[ROLE_USER]","user_password":"$2a$10$e8WWXykGO540CDeSKkxKEucmsJ9bZc956LhZB9iK9U9PrIKVR6omC"}, Credentials=[PROTECTED], Authenticated=true, Details=WebAuthenticationDetails [RemoteIpAddress=0:0:0:0:0:0:0:1, SessionId=null], Granted Authorities=[ROLE_USER]]]
2023-02-22 21:26:47,185 INFO c.e.t.a.LoggerAspect [http-nio-9090-exec-10] Exit: class com.example.tortland.controller.CakeController.search() with result = cakes/searchCakes
2023-02-22 21:26:50,426 INFO c.e.t.a.LoggerAspect [http-nio-9090-exec-2] Enter: class com.example.tortland.controller.CakeController.search() with arguments = [1, 9, {}, карамельныйвыфаы, UsernamePasswordAuthenticationToken [Principal={"user_id":"10","username":"ksy","user_role":"[ROLE_USER]","user_password":"$2a$10$e8WWXykGO540CDeSKkxKEucmsJ9bZc956LhZB9iK9U9PrIKVR6omC"}, Credentials=[PROTECTED], Authenticated=true, Details=WebAuthenticationDetails [RemoteIpAddress=0:0:0:0:0:0:0:1, SessionId=null], Granted Authorities=[ROLE_USER]]]
2023-02-22 21:26:50,440 INFO c.e.t.a.LoggerAspect [http-nio-9090-exec-2] Exit: class com.example.tortland.controller.CakeController.search() with result = cakes/searchCakes
2023-02-22 21:27:07,392 INFO c.e.t.a.LoggerAspect [http-nio-9090-exec-3] Enter: class com.example.tortland.controller.CakeController.getAll() with arguments = [1, 9, {}, UsernamePasswordAuthenticationToken [Principal={"user_id":"10","username":"ksy","user_role":"[ROLE_USER]","user_password":"$2a$10$e8WWXykGO540CDeSKkxKEucmsJ9bZc956LhZB9iK9U9PrIKVR6omC"}, Credentials=[PROTECTED], Authenticated=true, Details=WebAuthenticationDetails [RemoteIpAddress=0:0:0:0:0:0:0:1, SessionId=null], Granted Authorities=[ROLE_USER]]]
2023-02-22 21:27:08,197 INFO c.e.t.a.LoggerAspect [http-nio-9090-exec-3] Exit: class com.example.tortland.controller.CakeController.getAll() with result = cakes/viewAllCakes
2023-02-22 21:27:09,435 INFO c.e.t.a.LoggerAspect [http-nio-9090-exec-8] Enter: class com.example.tortland.controller.CakeController.getCakeInfo() with arguments = [2, {}, UsernamePasswordAuthenticationToken [Principal={"user_id":"10","username":"ksy","user_role":"[ROLE_USER]","user_password":"$2a$10$e8WWXykGO540CDeSKkxKEucmsJ9bZc956LhZB9iK9U9PrIKVR6omC"}, Credentials=[PROTECTED], Authenticated=true, Details=WebAuthenticationDetails [RemoteIpAddress=0:0:0:0:0:0:0:1, SessionId=null], Granted Authorities=[ROLE_USER]]]
2023-02-22 21:27:09,678 INFO c.e.t.a.LoggerAspect [http-nio-9090-exec-8] Exit: class com.example.tortland.controller.CakeController.getCakeInfo() with result = cakes/viewInfoCakes
2023-02-22 21:27:19,529 INFO c.e.t.a.LoggerAspect [http-nio-9090-exec-3] Enter: class com.example.tortland.controller.CakeController.getAll() with arguments = [1, 9, {}, UsernamePasswordAuthenticationToken [Principal={"user_id":"10","username":"ksy","user_role":"[ROLE_USER]","user_password":"$2a$10$e8WWXykGO540CDeSKkxKEucmsJ9bZc956LhZB9iK9U9PrIKVR6omC"}, Credentials=[PROTECTED], Authenticated=true, Details=WebAuthenticationDetails [RemoteIpAddress=0:0:0:0:0:0:0:1, SessionId=null], Granted Authorities=[ROLE_USER]]]
2023-02-22 21:27:20,315 INFO c.e.t.a.LoggerAspect [http-nio-9090-exec-3] Exit: class com.example.tortland.controller.CakeController.getAll() with result = cakes/viewAllCakes
2023-02-22 21:27:22,825 INFO c.e.t.a.LoggerAspect [http-nio-9090-exec-3] Enter: class com.example.tortland.controller.CakeController.search() with arguments = [1, 9, {}, Сникерс, UsernamePasswordAuthenticationToken [Principal={"user_id":"10","username":"ksy","user_role":"[ROLE_USER]","user_password":"$2a$10$e8WWXykGO540CDeSKkxKEucmsJ9bZc956LhZB9iK9U9PrIKVR6omC"}, Credentials=[PROTECTED], Authenticated=true, Details=WebAuthenticationDetails [RemoteIpAddress=0:0:0:0:0:0:0:1, SessionId=null], Granted Authorities=[ROLE_USER]]]
2023-02-22 21:27:23,105 INFO c.e.t.a.LoggerAspect [http-nio-9090-exec-3] Exit: class com.example.tortland.controller.CakeController.search() with result = cakes/searchCakes
2023-02-22 21:27:27,792 INFO c.e.t.a.LoggerAspect [http-nio-9090-exec-7] Enter: class com.example.tortland.controller.CakeController.getCakeInfo() with arguments = [2, {}, UsernamePasswordAuthenticationToken [Principal={"user_id":"10","username":"ksy","user_role":"[ROLE_USER]","user_password":"$2a$10$e8WWXykGO540CDeSKkxKEucmsJ9bZc956LhZB9iK9U9PrIKVR6omC"}, Credentials=[PROTECTED], Authenticated=true, Details=WebAuthenticationDetails [RemoteIpAddress=0:0:0:0:0:0:0:1, SessionId=null], Granted Authorities=[ROLE_USER]]]
2023-02-22 21:27:28,030 INFO c.e.t.a.LoggerAspect [http-nio-9090-exec-7] Exit: class com.example.tortland.controller.CakeController.getCakeInfo() with result = cakes/viewInfoCakes
2023-02-22 21:27:33,718 INFO c.e.t.a.LoggerAspect [http-nio-9090-exec-2] Enter: class com.example.tortland.controller.CakeController.search() with arguments = [1, 9, {}, сникерс, UsernamePasswordAuthenticationToken [Principal={"user_id":"10","username":"ksy","user_role":"[ROLE_USER]","user_password":"$2a$10$e8WWXykGO540CDeSKkxKEucmsJ9bZc956LhZB9iK9U9PrIKVR6omC"}, Credentials=[PROTECTED], Authenticated=true, Details=WebAuthenticationDetails [RemoteIpAddress=0:0:0:0:0:0:0:1, SessionId=null], Granted Authorities=[ROLE_USER]]]
2023-02-22 21:27:33,729 INFO c.e.t.a.LoggerAspect [http-nio-9090-exec-2] Exit: class com.example.tortland.controller.CakeController.search() with result = cakes/searchCakes
2023-02-22 21:31:44,961 INFO o.s.o.j.AbstractEntityManagerFactoryBean [SpringApplicationShutdownHook] Closing JPA EntityManagerFactory for persistence unit 'default'
2023-02-22 21:31:44,963 INFO c.z.h.HikariDataSource [SpringApplicationShutdownHook] HikariPool-1 - Shutdown initiated...
2023-02-22 21:31:44,964 INFO c.z.h.HikariDataSource [SpringApplicationShutdownHook] HikariPool-1 - Shutdown completed.
