2023-02-22 21:31:48,273 INFO o.h.v.i.u.Version [background-preinit] HV000001: Hibernate Validator 6.2.5.Final
2023-02-22 21:31:48,290 INFO o.s.b.StartupInfoLogger [restartedMain] Starting TortLandApplication using Java 18.0.2 on DESKTOP-E1SLKID with PID 34264 (C:\Add\TortLand\target\classes started by MRCL in C:\Add\TortLand)
2023-02-22 21:31:48,291 INFO o.s.b.SpringApplication [restartedMain] No active profile set, falling back to 1 default profile: "default"
2023-02-22 21:31:48,417 INFO o.s.b.l.DeferredLog [restartedMain] Devtools property defaults active! Set 'spring.devtools.add-properties' to 'false' to disable
2023-02-22 21:31:48,417 INFO o.s.b.l.DeferredLog [restartedMain] For additional web related logging consider setting the 'logging.level.web' property to 'DEBUG'
2023-02-22 21:31:48,830 INFO o.s.d.r.c.RepositoryConfigurationDelegate [restartedMain] Multiple Spring Data modules found, entering strict repository configuration mode
2023-02-22 21:31:48,830 INFO o.s.d.r.c.RepositoryConfigurationDelegate [restartedMain] Bootstrapping Spring Data JDBC repositories in DEFAULT mode.
2023-02-22 21:31:48,850 INFO o.s.d.r.c.RepositoryConfigurationExtensionSupport [restartedMain] Spring Data JDBC - Could not safely identify store assignment for repository candidate interface com.example.tortland.repository.CakeRepository; If you want this repository to be a JDBC repository, consider annotating your entities with one of these annotations: org.springframework.data.relational.core.mapping.Table.
2023-02-22 21:31:48,851 INFO o.s.d.r.c.RepositoryConfigurationExtensionSupport [restartedMain] Spring Data JDBC - Could not safely identify store assignment for repository candidate interface com.example.tortland.repository.CustomOrderRepository; If you want this repository to be a JDBC repository, consider annotating your entities with one of these annotations: org.springframework.data.relational.core.mapping.Table.
2023-02-22 21:31:48,852 INFO o.s.d.r.c.RepositoryConfigurationExtensionSupport [restartedMain] Spring Data JDBC - Could not safely identify store assignment for repository candidate interface com.example.tortland.repository.FillingRepository; If you want this repository to be a JDBC repository, consider annotating your entities with one of these annotations: org.springframework.data.relational.core.mapping.Table.
2023-02-22 21:31:48,853 INFO o.s.d.r.c.RepositoryConfigurationExtensionSupport [restartedMain] Spring Data JDBC - Could not safely identify store assignment for repository candidate interface com.example.tortland.repository.ImageRepository; If you want this repository to be a JDBC repository, consider annotating your entities with one of these annotations: org.springframework.data.relational.core.mapping.Table.
2023-02-22 21:31:48,853 INFO o.s.d.r.c.RepositoryConfigurationExtensionSupport [restartedMain] Spring Data JDBC - Could not safely identify store assignment for repository candidate interface com.example.tortland.repository.OrderRepository; If you want this repository to be a JDBC repository, consider annotating your entities with one of these annotations: org.springframework.data.relational.core.mapping.Table.
2023-02-22 21:31:48,854 INFO o.s.d.r.c.RepositoryConfigurationExtensionSupport [restartedMain] Spring Data JDBC - Could not safely identify store assignment for repository candidate interface com.example.tortland.repository.RoleRepository; If you want this repository to be a JDBC repository, consider annotating your entities with one of these annotations: org.springframework.data.relational.core.mapping.Table.
2023-02-22 21:31:48,855 INFO o.s.d.r.c.RepositoryConfigurationExtensionSupport [restartedMain] Spring Data JDBC - Could not safely identify store assignment for repository candidate interface com.example.tortland.repository.UserRepository; If you want this repository to be a JDBC repository, consider annotating your entities with one of these annotations: org.springframework.data.relational.core.mapping.Table.
2023-02-22 21:31:48,856 INFO o.s.d.r.c.RepositoryConfigurationDelegate [restartedMain] Finished Spring Data repository scanning in 23 ms. Found 0 JDBC repository interfaces.
2023-02-22 21:31:48,860 INFO o.s.d.r.c.RepositoryConfigurationDelegate [restartedMain] Multiple Spring Data modules found, entering strict repository configuration mode
2023-02-22 21:31:48,861 INFO o.s.d.r.c.RepositoryConfigurationDelegate [restartedMain] Bootstrapping Spring Data JPA repositories in DEFAULT mode.
2023-02-22 21:31:48,888 INFO o.s.d.r.c.RepositoryConfigurationDelegate [restartedMain] Finished Spring Data repository scanning in 24 ms. Found 7 JPA repository interfaces.
2023-02-22 21:31:49,241 INFO o.s.b.w.e.t.TomcatWebServer [restartedMain] Tomcat initialized with port(s): 9090 (http)
2023-02-22 21:31:49,246 INFO o.a.j.l.DirectJDKLog [restartedMain] Initializing ProtocolHandler ["http-nio-9090"]
2023-02-22 21:31:49,246 INFO o.a.j.l.DirectJDKLog [restartedMain] Starting service [Tomcat]
2023-02-22 21:31:49,246 INFO o.a.j.l.DirectJDKLog [restartedMain] Starting Servlet engine: [Apache Tomcat/9.0.70]
2023-02-22 21:31:49,292 INFO o.a.j.l.DirectJDKLog [restartedMain] Initializing Spring embedded WebApplicationContext
2023-02-22 21:31:49,292 INFO o.s.b.w.s.c.ServletWebServerApplicationContext [restartedMain] Root WebApplicationContext: initialization completed in 875 ms
2023-02-22 21:31:49,386 INFO o.h.j.i.u.LogHelper [restartedMain] HHH000204: Processing PersistenceUnitInfo [name: default]
2023-02-22 21:31:49,411 INFO o.h.Version [restartedMain] HHH000412: Hibernate ORM core version 5.6.14.Final
2023-02-22 21:31:49,472 INFO o.h.a.c.r.j.JavaReflectionManager [restartedMain] HCANN000001: Hibernate Commons Annotations {5.1.2.Final}
2023-02-22 21:31:49,522 INFO c.z.h.HikariDataSource [restartedMain] HikariPool-1 - Starting...
2023-02-22 21:31:49,595 INFO c.z.h.HikariDataSource [restartedMain] HikariPool-1 - Start completed.
2023-02-22 21:31:49,606 INFO o.h.d.Dialect [restartedMain] HHH000400: Using dialect: org.hibernate.dialect.PostgreSQL10Dialect
2023-02-22 21:31:49,680 WARN o.h.b.i.InFlightMetadataCollectorImpl [restartedMain] HHH000069: Duplicate generator name default_generator
2023-02-22 21:31:49,683 WARN o.h.b.i.InFlightMetadataCollectorImpl [restartedMain] HHH000069: Duplicate generator name default_generator
2023-02-22 21:31:49,685 WARN o.h.b.i.InFlightMetadataCollectorImpl [restartedMain] HHH000069: Duplicate generator name default_generator
2023-02-22 21:31:49,687 WARN o.h.b.i.InFlightMetadataCollectorImpl [restartedMain] HHH000069: Duplicate generator name default_generator
2023-02-22 21:31:49,690 WARN o.h.b.i.InFlightMetadataCollectorImpl [restartedMain] HHH000069: Duplicate generator name default_generator
2023-02-22 21:31:50,125 INFO o.h.e.t.j.p.i.JtaPlatformInitiator [restartedMain] HHH000490: Using JtaPlatform implementation: [org.hibernate.engine.transaction.jta.platform.internal.NoJtaPlatform]
2023-02-22 21:31:50,130 INFO o.s.o.j.AbstractEntityManagerFactoryBean [restartedMain] Initialized JPA EntityManagerFactory for persistence unit 'default'
2023-02-22 21:31:50,674 INFO o.s.s.w.DefaultSecurityFilterChain [restartedMain] Will secure any request with [org.springframework.security.web.session.DisableEncodeUrlFilter@526fa944, org.springframework.security.web.context.request.async.WebAsyncManagerIntegrationFilter@ac4925d, org.springframework.security.web.context.SecurityContextPersistenceFilter@53cb4792, org.springframework.security.web.header.HeaderWriterFilter@45353eed, org.springframework.security.web.authentication.logout.LogoutFilter@4e764f4c, org.springframework.security.web.authentication.UsernamePasswordAuthenticationFilter@268d8d1a, org.springframework.security.web.savedrequest.RequestCacheAwareFilter@1d0a7175, org.springframework.security.web.servletapi.SecurityContextHolderAwareRequestFilter@2be6cbf0, org.springframework.security.web.authentication.AnonymousAuthenticationFilter@406b3b42, org.springframework.security.web.session.SessionManagementFilter@1c0f9127, org.springframework.security.web.access.ExceptionTranslationFilter@56e4ab8d, org.springframework.security.web.access.intercept.FilterSecurityInterceptor@1a18127e]
2023-02-22 21:31:50,741 WARN o.s.b.a.o.j.JpaBaseConfiguration$JpaWebConfiguration [restartedMain] spring.jpa.open-in-view is enabled by default. Therefore, database queries may be performed during view rendering. Explicitly configure spring.jpa.open-in-view to disable this warning
2023-02-22 21:31:50,822 INFO o.s.b.a.w.s.WelcomePageHandlerMapping [restartedMain] Adding welcome page template: index
2023-02-22 21:31:51,189 INFO o.s.b.d.a.OptionalLiveReloadServer [restartedMain] LiveReload server is running on port 35729
2023-02-22 21:31:51,202 INFO o.a.j.l.DirectJDKLog [restartedMain] Starting ProtocolHandler ["http-nio-9090"]
2023-02-22 21:31:51,215 INFO o.s.b.w.e.t.TomcatWebServer [restartedMain] Tomcat started on port(s): 9090 (http) with context path ''
2023-02-22 21:31:51,223 INFO o.s.b.StartupInfoLogger [restartedMain] Started TortLandApplication in 3.097 seconds (JVM running for 3.672)
2023-02-22 21:31:57,676 INFO o.a.j.l.DirectJDKLog [http-nio-9090-exec-1] Initializing Spring DispatcherServlet 'dispatcherServlet'
2023-02-22 21:31:57,676 INFO o.s.w.s.FrameworkServlet [http-nio-9090-exec-1] Initializing Servlet 'dispatcherServlet'
2023-02-22 21:31:57,677 INFO o.s.w.s.FrameworkServlet [http-nio-9090-exec-1] Completed initialization in 1 ms
2023-02-22 21:31:57,709 INFO c.e.t.a.LoggerAspect [http-nio-9090-exec-1] Enter: class com.example.tortland.controller.CakeController.search() with arguments = [1, 9, {}, сникерс, UsernamePasswordAuthenticationToken [Principal={"user_id":"10","username":"ksy","user_role":"[ROLE_USER]","user_password":"$2a$10$e8WWXykGO540CDeSKkxKEucmsJ9bZc956LhZB9iK9U9PrIKVR6omC"}, Credentials=[PROTECTED], Authenticated=true, Details=WebAuthenticationDetails [RemoteIpAddress=0:0:0:0:0:0:0:1, SessionId=null], Granted Authorities=[ROLE_USER]]]
2023-02-22 21:31:58,101 INFO c.e.t.a.LoggerAspect [http-nio-9090-exec-1] Exit: class com.example.tortland.controller.CakeController.search() with result = cakes/searchCakes
2023-02-22 21:32:02,355 INFO c.e.t.a.LoggerAspect [http-nio-9090-exec-6] Enter: class com.example.tortland.controller.CakeController.getCakeInfo() with arguments = [8, {}, UsernamePasswordAuthenticationToken [Principal={"user_id":"10","username":"ksy","user_role":"[ROLE_USER]","user_password":"$2a$10$e8WWXykGO540CDeSKkxKEucmsJ9bZc956LhZB9iK9U9PrIKVR6omC"}, Credentials=[PROTECTED], Authenticated=true, Details=WebAuthenticationDetails [RemoteIpAddress=0:0:0:0:0:0:0:1, SessionId=null], Granted Authorities=[ROLE_USER]]]
2023-02-22 21:32:02,567 INFO c.e.t.a.LoggerAspect [http-nio-9090-exec-6] Exit: class com.example.tortland.controller.CakeController.getCakeInfo() with result = cakes/viewInfoCakes
2023-02-22 21:32:16,112 INFO c.e.t.a.LoggerAspect [http-nio-9090-exec-3] Enter: class com.example.tortland.controller.CakeController.search() with arguments = [1, 9, {}, шоколад, UsernamePasswordAuthenticationToken [Principal={"user_id":"10","username":"ksy","user_role":"[ROLE_USER]","user_password":"$2a$10$e8WWXykGO540CDeSKkxKEucmsJ9bZc956LhZB9iK9U9PrIKVR6omC"}, Credentials=[PROTECTED], Authenticated=true, Details=WebAuthenticationDetails [RemoteIpAddress=0:0:0:0:0:0:0:1, SessionId=null], Granted Authorities=[ROLE_USER]]]
2023-02-22 21:32:16,879 INFO c.e.t.a.LoggerAspect [http-nio-9090-exec-3] Exit: class com.example.tortland.controller.CakeController.search() with result = cakes/searchCakes
