2023-02-23 23:49:25,152 INFO o.h.v.i.u.Version [background-preinit] HV000001: Hibernate Validator 6.2.5.Final
2023-02-23 23:49:25,170 INFO o.s.b.StartupInfoLogger [restartedMain] Starting TortLandApplication using Java 18.0.2 on DESKTOP-E1SLKID with PID 19992 (C:\Add\TortLand\target\classes started by MRCL in C:\Add\TortLand)
2023-02-23 23:49:25,172 INFO o.s.b.SpringApplication [restartedMain] No active profile set, falling back to 1 default profile: "default"
2023-02-23 23:49:25,292 INFO o.s.b.l.DeferredLog [restartedMain] Devtools property defaults active! Set 'spring.devtools.add-properties' to 'false' to disable
2023-02-23 23:49:25,293 INFO o.s.b.l.DeferredLog [restartedMain] For additional web related logging consider setting the 'logging.level.web' property to 'DEBUG'
2023-02-23 23:49:25,701 INFO o.s.d.r.c.RepositoryConfigurationDelegate [restartedMain] Multiple Spring Data modules found, entering strict repository configuration mode
2023-02-23 23:49:25,701 INFO o.s.d.r.c.RepositoryConfigurationDelegate [restartedMain] Bootstrapping Spring Data JDBC repositories in DEFAULT mode.
2023-02-23 23:49:25,720 INFO o.s.d.r.c.RepositoryConfigurationExtensionSupport [restartedMain] Spring Data JDBC - Could not safely identify store assignment for repository candidate interface com.example.tortland.repository.CakeRepository; If you want this repository to be a JDBC repository, consider annotating your entities with one of these annotations: org.springframework.data.relational.core.mapping.Table.
2023-02-23 23:49:25,721 INFO o.s.d.r.c.RepositoryConfigurationExtensionSupport [restartedMain] Spring Data JDBC - Could not safely identify store assignment for repository candidate interface com.example.tortland.repository.CustomOrderRepository; If you want this repository to be a JDBC repository, consider annotating your entities with one of these annotations: org.springframework.data.relational.core.mapping.Table.
2023-02-23 23:49:25,722 INFO o.s.d.r.c.RepositoryConfigurationExtensionSupport [restartedMain] Spring Data JDBC - Could not safely identify store assignment for repository candidate interface com.example.tortland.repository.FillingRepository; If you want this repository to be a JDBC repository, consider annotating your entities with one of these annotations: org.springframework.data.relational.core.mapping.Table.
2023-02-23 23:49:25,723 INFO o.s.d.r.c.RepositoryConfigurationExtensionSupport [restartedMain] Spring Data JDBC - Could not safely identify store assignment for repository candidate interface com.example.tortland.repository.ImageRepository; If you want this repository to be a JDBC repository, consider annotating your entities with one of these annotations: org.springframework.data.relational.core.mapping.Table.
2023-02-23 23:49:25,724 INFO o.s.d.r.c.RepositoryConfigurationExtensionSupport [restartedMain] Spring Data JDBC - Could not safely identify store assignment for repository candidate interface com.example.tortland.repository.OrderRepository; If you want this repository to be a JDBC repository, consider annotating your entities with one of these annotations: org.springframework.data.relational.core.mapping.Table.
2023-02-23 23:49:25,725 INFO o.s.d.r.c.RepositoryConfigurationExtensionSupport [restartedMain] Spring Data JDBC - Could not safely identify store assignment for repository candidate interface com.example.tortland.repository.RoleRepository; If you want this repository to be a JDBC repository, consider annotating your entities with one of these annotations: org.springframework.data.relational.core.mapping.Table.
2023-02-23 23:49:25,726 INFO o.s.d.r.c.RepositoryConfigurationExtensionSupport [restartedMain] Spring Data JDBC - Could not safely identify store assignment for repository candidate interface com.example.tortland.repository.UserRepository; If you want this repository to be a JDBC repository, consider annotating your entities with one of these annotations: org.springframework.data.relational.core.mapping.Table.
2023-02-23 23:49:25,727 INFO o.s.d.r.c.RepositoryConfigurationDelegate [restartedMain] Finished Spring Data repository scanning in 23 ms. Found 0 JDBC repository interfaces.
2023-02-23 23:49:25,731 INFO o.s.d.r.c.RepositoryConfigurationDelegate [restartedMain] Multiple Spring Data modules found, entering strict repository configuration mode
2023-02-23 23:49:25,731 INFO o.s.d.r.c.RepositoryConfigurationDelegate [restartedMain] Bootstrapping Spring Data JPA repositories in DEFAULT mode.
2023-02-23 23:49:25,757 INFO o.s.d.r.c.RepositoryConfigurationDelegate [restartedMain] Finished Spring Data repository scanning in 23 ms. Found 7 JPA repository interfaces.
2023-02-23 23:49:26,094 INFO o.s.b.w.e.t.TomcatWebServer [restartedMain] Tomcat initialized with port(s): 9090 (http)
2023-02-23 23:49:26,098 INFO o.a.j.l.DirectJDKLog [restartedMain] Initializing ProtocolHandler ["http-nio-9090"]
2023-02-23 23:49:26,099 INFO o.a.j.l.DirectJDKLog [restartedMain] Starting service [Tomcat]
2023-02-23 23:49:26,099 INFO o.a.j.l.DirectJDKLog [restartedMain] Starting Servlet engine: [Apache Tomcat/9.0.70]
2023-02-23 23:49:26,148 INFO o.a.j.l.DirectJDKLog [restartedMain] Initializing Spring embedded WebApplicationContext
2023-02-23 23:49:26,148 INFO o.s.b.w.s.c.ServletWebServerApplicationContext [restartedMain] Root WebApplicationContext: initialization completed in 855 ms
2023-02-23 23:49:26,238 INFO o.h.j.i.u.LogHelper [restartedMain] HHH000204: Processing PersistenceUnitInfo [name: default]
2023-02-23 23:49:26,263 INFO o.h.Version [restartedMain] HHH000412: Hibernate ORM core version 5.6.14.Final
2023-02-23 23:49:26,326 INFO o.h.a.c.r.j.JavaReflectionManager [restartedMain] HCANN000001: Hibernate Commons Annotations {5.1.2.Final}
2023-02-23 23:49:26,373 INFO c.z.h.HikariDataSource [restartedMain] HikariPool-1 - Starting...
2023-02-23 23:49:26,442 INFO c.z.h.HikariDataSource [restartedMain] HikariPool-1 - Start completed.
2023-02-23 23:49:26,453 INFO o.h.d.Dialect [restartedMain] HHH000400: Using dialect: org.hibernate.dialect.PostgreSQL10Dialect
2023-02-23 23:49:26,526 WARN o.h.b.i.InFlightMetadataCollectorImpl [restartedMain] HHH000069: Duplicate generator name default_generator
2023-02-23 23:49:26,529 WARN o.h.b.i.InFlightMetadataCollectorImpl [restartedMain] HHH000069: Duplicate generator name default_generator
2023-02-23 23:49:26,531 WARN o.h.b.i.InFlightMetadataCollectorImpl [restartedMain] HHH000069: Duplicate generator name default_generator
2023-02-23 23:49:26,534 WARN o.h.b.i.InFlightMetadataCollectorImpl [restartedMain] HHH000069: Duplicate generator name default_generator
2023-02-23 23:49:26,537 WARN o.h.b.i.InFlightMetadataCollectorImpl [restartedMain] HHH000069: Duplicate generator name default_generator
2023-02-23 23:49:26,959 INFO o.h.e.t.j.p.i.JtaPlatformInitiator [restartedMain] HHH000490: Using JtaPlatform implementation: [org.hibernate.engine.transaction.jta.platform.internal.NoJtaPlatform]
2023-02-23 23:49:26,964 INFO o.s.o.j.AbstractEntityManagerFactoryBean [restartedMain] Initialized JPA EntityManagerFactory for persistence unit 'default'
2023-02-23 23:49:27,504 INFO o.s.s.w.DefaultSecurityFilterChain [restartedMain] Will secure any request with [org.springframework.security.web.session.DisableEncodeUrlFilter@168e3e52, org.springframework.security.web.context.request.async.WebAsyncManagerIntegrationFilter@612eb79a, org.springframework.security.web.context.SecurityContextPersistenceFilter@59b9d8a8, org.springframework.security.web.header.HeaderWriterFilter@63948cda, org.springframework.security.web.authentication.logout.LogoutFilter@771e639b, org.springframework.security.web.authentication.UsernamePasswordAuthenticationFilter@530c8a35, org.springframework.security.web.savedrequest.RequestCacheAwareFilter@2d41967a, org.springframework.security.web.servletapi.SecurityContextHolderAwareRequestFilter@5fa39c7a, org.springframework.security.web.authentication.AnonymousAuthenticationFilter@56c4c4a8, org.springframework.security.web.session.SessionManagementFilter@a6ccd22, org.springframework.security.web.access.ExceptionTranslationFilter@5d5c932, org.springframework.security.web.access.intercept.FilterSecurityInterceptor@2a8eb519]
2023-02-23 23:49:27,579 WARN o.s.b.a.o.j.JpaBaseConfiguration$JpaWebConfiguration [restartedMain] spring.jpa.open-in-view is enabled by default. Therefore, database queries may be performed during view rendering. Explicitly configure spring.jpa.open-in-view to disable this warning
2023-02-23 23:49:27,664 INFO o.s.b.a.w.s.WelcomePageHandlerMapping [restartedMain] Adding welcome page template: index
2023-02-23 23:49:28,030 INFO o.s.b.d.a.OptionalLiveReloadServer [restartedMain] LiveReload server is running on port 35729
2023-02-23 23:49:28,042 INFO o.a.j.l.DirectJDKLog [restartedMain] Starting ProtocolHandler ["http-nio-9090"]
2023-02-23 23:49:28,056 INFO o.s.b.w.e.t.TomcatWebServer [restartedMain] Tomcat started on port(s): 9090 (http) with context path ''
2023-02-23 23:49:28,063 INFO o.s.b.StartupInfoLogger [restartedMain] Started TortLandApplication in 3.061 seconds (JVM running for 3.634)
2023-02-23 23:49:45,921 INFO o.a.j.l.DirectJDKLog [http-nio-9090-exec-1] Initializing Spring DispatcherServlet 'dispatcherServlet'
2023-02-23 23:49:45,921 INFO o.s.w.s.FrameworkServlet [http-nio-9090-exec-1] Initializing Servlet 'dispatcherServlet'
2023-02-23 23:49:45,922 INFO o.s.w.s.FrameworkServlet [http-nio-9090-exec-1] Completed initialization in 1 ms
2023-02-23 23:49:45,951 INFO c.e.t.a.LoggerAspect [http-nio-9090-exec-1] Enter: class com.example.tortland.controller.UserController.getAllConfectioner() with arguments = [1, 9, {}, UsernamePasswordAuthenticationToken [Principal={"user_id":"4","username":"qwe","user_role":"[ROLE_CONFECTIONER]","user_password":"$2a$10$OhROg57m9D2o50zKuhshF.H/Pqouxpekp8ysxFYoslM4BWQsNF9Oi"}, Credentials=[PROTECTED], Authenticated=true, Details=WebAuthenticationDetails [RemoteIpAddress=0:0:0:0:0:0:0:1, SessionId=null], Granted Authorities=[ROLE_CONFECTIONER]]]
2023-02-23 23:49:46,048 INFO c.e.t.a.LoggerAspect [http-nio-9090-exec-1] Exit: class com.example.tortland.controller.UserController.getAllConfectioner() with result = users/viewAllConfectioners
2023-02-23 23:50:36,543 INFO c.e.t.a.LoggerAspect [http-nio-9090-exec-5] Enter: class com.example.tortland.controller.UserController.getAllConfectioner() with arguments = [1, 9, {}, UsernamePasswordAuthenticationToken [Principal={"user_id":"4","username":"qwe","user_role":"[ROLE_CONFECTIONER]","user_password":"$2a$10$OhROg57m9D2o50zKuhshF.H/Pqouxpekp8ysxFYoslM4BWQsNF9Oi"}, Credentials=[PROTECTED], Authenticated=true, Details=WebAuthenticationDetails [RemoteIpAddress=0:0:0:0:0:0:0:1, SessionId=null], Granted Authorities=[ROLE_CONFECTIONER]]]
2023-02-23 23:50:36,558 INFO c.e.t.a.LoggerAspect [http-nio-9090-exec-5] Exit: class com.example.tortland.controller.UserController.getAllConfectioner() with result = users/viewAllConfectioners
2023-02-23 23:52:49,821 INFO o.s.o.j.AbstractEntityManagerFactoryBean [SpringApplicationShutdownHook] Closing JPA EntityManagerFactory for persistence unit 'default'
2023-02-23 23:52:49,823 INFO c.z.h.HikariDataSource [SpringApplicationShutdownHook] HikariPool-1 - Shutdown initiated...
2023-02-23 23:52:49,825 INFO c.z.h.HikariDataSource [SpringApplicationShutdownHook] HikariPool-1 - Shutdown completed.
