2023-02-23 23:53:47,204 INFO o.h.v.i.u.Version [background-preinit] HV000001: Hibernate Validator 6.2.5.Final
2023-02-23 23:53:47,221 INFO o.s.b.StartupInfoLogger [restartedMain] Starting TortLandApplication using Java 18.0.2 on DESKTOP-E1SLKID with PID 31952 (C:\Add\TortLand\target\classes started by MRCL in C:\Add\TortLand)
2023-02-23 23:53:47,223 INFO o.s.b.SpringApplication [restartedMain] No active profile set, falling back to 1 default profile: "default"
2023-02-23 23:53:47,347 INFO o.s.b.l.DeferredLog [restartedMain] Devtools property defaults active! Set 'spring.devtools.add-properties' to 'false' to disable
2023-02-23 23:53:47,348 INFO o.s.b.l.DeferredLog [restartedMain] For additional web related logging consider setting the 'logging.level.web' property to 'DEBUG'
2023-02-23 23:53:47,754 INFO o.s.d.r.c.RepositoryConfigurationDelegate [restartedMain] Multiple Spring Data modules found, entering strict repository configuration mode
2023-02-23 23:53:47,755 INFO o.s.d.r.c.RepositoryConfigurationDelegate [restartedMain] Bootstrapping Spring Data JDBC repositories in DEFAULT mode.
2023-02-23 23:53:47,773 INFO o.s.d.r.c.RepositoryConfigurationExtensionSupport [restartedMain] Spring Data JDBC - Could not safely identify store assignment for repository candidate interface com.example.tortland.repository.CakeRepository; If you want this repository to be a JDBC repository, consider annotating your entities with one of these annotations: org.springframework.data.relational.core.mapping.Table.
2023-02-23 23:53:47,774 INFO o.s.d.r.c.RepositoryConfigurationExtensionSupport [restartedMain] Spring Data JDBC - Could not safely identify store assignment for repository candidate interface com.example.tortland.repository.CustomOrderRepository; If you want this repository to be a JDBC repository, consider annotating your entities with one of these annotations: org.springframework.data.relational.core.mapping.Table.
2023-02-23 23:53:47,775 INFO o.s.d.r.c.RepositoryConfigurationExtensionSupport [restartedMain] Spring Data JDBC - Could not safely identify store assignment for repository candidate interface com.example.tortland.repository.FillingRepository; If you want this repository to be a JDBC repository, consider annotating your entities with one of these annotations: org.springframework.data.relational.core.mapping.Table.
2023-02-23 23:53:47,776 INFO o.s.d.r.c.RepositoryConfigurationExtensionSupport [restartedMain] Spring Data JDBC - Could not safely identify store assignment for repository candidate interface com.example.tortland.repository.ImageRepository; If you want this repository to be a JDBC repository, consider annotating your entities with one of these annotations: org.springframework.data.relational.core.mapping.Table.
2023-02-23 23:53:47,777 INFO o.s.d.r.c.RepositoryConfigurationExtensionSupport [restartedMain] Spring Data JDBC - Could not safely identify store assignment for repository candidate interface com.example.tortland.repository.OrderRepository; If you want this repository to be a JDBC repository, consider annotating your entities with one of these annotations: org.springframework.data.relational.core.mapping.Table.
2023-02-23 23:53:47,777 INFO o.s.d.r.c.RepositoryConfigurationExtensionSupport [restartedMain] Spring Data JDBC - Could not safely identify store assignment for repository candidate interface com.example.tortland.repository.RoleRepository; If you want this repository to be a JDBC repository, consider annotating your entities with one of these annotations: org.springframework.data.relational.core.mapping.Table.
2023-02-23 23:53:47,778 INFO o.s.d.r.c.RepositoryConfigurationExtensionSupport [restartedMain] Spring Data JDBC - Could not safely identify store assignment for repository candidate interface com.example.tortland.repository.UserRepository; If you want this repository to be a JDBC repository, consider annotating your entities with one of these annotations: org.springframework.data.relational.core.mapping.Table.
2023-02-23 23:53:47,779 INFO o.s.d.r.c.RepositoryConfigurationDelegate [restartedMain] Finished Spring Data repository scanning in 22 ms. Found 0 JDBC repository interfaces.
2023-02-23 23:53:47,783 INFO o.s.d.r.c.RepositoryConfigurationDelegate [restartedMain] Multiple Spring Data modules found, entering strict repository configuration mode
2023-02-23 23:53:47,783 INFO o.s.d.r.c.RepositoryConfigurationDelegate [restartedMain] Bootstrapping Spring Data JPA repositories in DEFAULT mode.
2023-02-23 23:53:47,809 INFO o.s.d.r.c.RepositoryConfigurationDelegate [restartedMain] Finished Spring Data repository scanning in 23 ms. Found 7 JPA repository interfaces.
2023-02-23 23:53:48,146 INFO o.s.b.w.e.t.TomcatWebServer [restartedMain] Tomcat initialized with port(s): 9090 (http)
2023-02-23 23:53:48,151 INFO o.a.j.l.DirectJDKLog [restartedMain] Initializing ProtocolHandler ["http-nio-9090"]
2023-02-23 23:53:48,151 INFO o.a.j.l.DirectJDKLog [restartedMain] Starting service [Tomcat]
2023-02-23 23:53:48,151 INFO o.a.j.l.DirectJDKLog [restartedMain] Starting Servlet engine: [Apache Tomcat/9.0.70]
2023-02-23 23:53:48,200 INFO o.a.j.l.DirectJDKLog [restartedMain] Initializing Spring embedded WebApplicationContext
2023-02-23 23:53:48,200 INFO o.s.b.w.s.c.ServletWebServerApplicationContext [restartedMain] Root WebApplicationContext: initialization completed in 852 ms
2023-02-23 23:53:48,294 INFO o.h.j.i.u.LogHelper [restartedMain] HHH000204: Processing PersistenceUnitInfo [name: default]
2023-02-23 23:53:48,318 INFO o.h.Version [restartedMain] HHH000412: Hibernate ORM core version 5.6.14.Final
2023-02-23 23:53:48,384 INFO o.h.a.c.r.j.JavaReflectionManager [restartedMain] HCANN000001: Hibernate Commons Annotations {5.1.2.Final}
2023-02-23 23:53:48,434 INFO c.z.h.HikariDataSource [restartedMain] HikariPool-1 - Starting...
2023-02-23 23:53:48,503 INFO c.z.h.HikariDataSource [restartedMain] HikariPool-1 - Start completed.
2023-02-23 23:53:48,514 INFO o.h.d.Dialect [restartedMain] HHH000400: Using dialect: org.hibernate.dialect.PostgreSQL10Dialect
2023-02-23 23:53:48,585 WARN o.h.b.i.InFlightMetadataCollectorImpl [restartedMain] HHH000069: Duplicate generator name default_generator
2023-02-23 23:53:48,588 WARN o.h.b.i.InFlightMetadataCollectorImpl [restartedMain] HHH000069: Duplicate generator name default_generator
2023-02-23 23:53:48,591 WARN o.h.b.i.InFlightMetadataCollectorImpl [restartedMain] HHH000069: Duplicate generator name default_generator
2023-02-23 23:53:48,593 WARN o.h.b.i.InFlightMetadataCollectorImpl [restartedMain] HHH000069: Duplicate generator name default_generator
2023-02-23 23:53:48,596 WARN o.h.b.i.InFlightMetadataCollectorImpl [restartedMain] HHH000069: Duplicate generator name default_generator
2023-02-23 23:53:49,004 INFO o.h.e.t.j.p.i.JtaPlatformInitiator [restartedMain] HHH000490: Using JtaPlatform implementation: [org.hibernate.engine.transaction.jta.platform.internal.NoJtaPlatform]
2023-02-23 23:53:49,008 INFO o.s.o.j.AbstractEntityManagerFactoryBean [restartedMain] Initialized JPA EntityManagerFactory for persistence unit 'default'
2023-02-23 23:53:49,514 INFO o.s.s.w.DefaultSecurityFilterChain [restartedMain] Will secure any request with [org.springframework.security.web.session.DisableEncodeUrlFilter@176f5c53, org.springframework.security.web.context.request.async.WebAsyncManagerIntegrationFilter@13e42a66, org.springframework.security.web.context.SecurityContextPersistenceFilter@1f8d20e5, org.springframework.security.web.header.HeaderWriterFilter@5723c229, org.springframework.security.web.authentication.logout.LogoutFilter@49b135db, org.springframework.security.web.authentication.UsernamePasswordAuthenticationFilter@56a5392a, org.springframework.security.web.savedrequest.RequestCacheAwareFilter@3f2be099, org.springframework.security.web.servletapi.SecurityContextHolderAwareRequestFilter@722d24d9, org.springframework.security.web.authentication.AnonymousAuthenticationFilter@6cf73d59, org.springframework.security.web.session.SessionManagementFilter@77fdfe2, org.springframework.security.web.access.ExceptionTranslationFilter@594f2a1, org.springframework.security.web.access.intercept.FilterSecurityInterceptor@38e95f0e]
2023-02-23 23:53:49,579 WARN o.s.b.a.o.j.JpaBaseConfiguration$JpaWebConfiguration [restartedMain] spring.jpa.open-in-view is enabled by default. Therefore, database queries may be performed during view rendering. Explicitly configure spring.jpa.open-in-view to disable this warning
2023-02-23 23:53:49,660 INFO o.s.b.a.w.s.WelcomePageHandlerMapping [restartedMain] Adding welcome page template: index
2023-02-23 23:53:50,010 INFO o.s.b.d.a.OptionalLiveReloadServer [restartedMain] LiveReload server is running on port 35729
2023-02-23 23:53:50,023 INFO o.a.j.l.DirectJDKLog [restartedMain] Starting ProtocolHandler ["http-nio-9090"]
2023-02-23 23:53:50,037 INFO o.s.b.w.e.t.TomcatWebServer [restartedMain] Tomcat started on port(s): 9090 (http) with context path ''
2023-02-23 23:53:50,045 INFO o.s.b.StartupInfoLogger [restartedMain] Started TortLandApplication in 2.983 seconds (JVM running for 3.565)
2023-02-23 23:54:39,041 INFO o.a.j.l.DirectJDKLog [http-nio-9090-exec-1] Initializing Spring DispatcherServlet 'dispatcherServlet'
2023-02-23 23:54:39,042 INFO o.s.w.s.FrameworkServlet [http-nio-9090-exec-1] Initializing Servlet 'dispatcherServlet'
2023-02-23 23:54:39,042 INFO o.s.w.s.FrameworkServlet [http-nio-9090-exec-1] Completed initialization in 0 ms
2023-02-23 23:54:39,071 INFO c.e.t.a.LoggerAspect [http-nio-9090-exec-1] Enter: class com.example.tortland.controller.UserController.getAllConfectioner() with arguments = [1, 9, {}, UsernamePasswordAuthenticationToken [Principal={"user_id":"4","username":"qwe","user_role":"[ROLE_CONFECTIONER]","user_password":"$2a$10$OhROg57m9D2o50zKuhshF.H/Pqouxpekp8ysxFYoslM4BWQsNF9Oi"}, Credentials=[PROTECTED], Authenticated=true, Details=WebAuthenticationDetails [RemoteIpAddress=0:0:0:0:0:0:0:1, SessionId=null], Granted Authorities=[ROLE_CONFECTIONER]]]
2023-02-23 23:54:39,166 INFO c.e.t.a.LoggerAspect [http-nio-9090-exec-1] Exit: class com.example.tortland.controller.UserController.getAllConfectioner() with result = users/viewAllConfectioners
2023-02-23 23:54:41,601 INFO c.e.t.a.LoggerAspect [http-nio-9090-exec-5] Enter: class com.example.tortland.controller.CakeController.getAll() with arguments = [1, 9, {}, UsernamePasswordAuthenticationToken [Principal={"user_id":"4","username":"qwe","user_role":"[ROLE_CONFECTIONER]","user_password":"$2a$10$OhROg57m9D2o50zKuhshF.H/Pqouxpekp8ysxFYoslM4BWQsNF9Oi"}, Credentials=[PROTECTED], Authenticated=true, Details=WebAuthenticationDetails [RemoteIpAddress=0:0:0:0:0:0:0:1, SessionId=null], Granted Authorities=[ROLE_CONFECTIONER]]]
2023-02-23 23:54:42,240 INFO c.e.t.a.LoggerAspect [http-nio-9090-exec-5] Exit: class com.example.tortland.controller.CakeController.getAll() with result = cakes/viewAllCakes
2023-02-23 23:54:44,419 INFO c.e.t.a.LoggerAspect [http-nio-9090-exec-2] Enter: class com.example.tortland.controller.UserController.getAllConfectioner() with arguments = [1, 9, {}, UsernamePasswordAuthenticationToken [Principal={"user_id":"4","username":"qwe","user_role":"[ROLE_CONFECTIONER]","user_password":"$2a$10$OhROg57m9D2o50zKuhshF.H/Pqouxpekp8ysxFYoslM4BWQsNF9Oi"}, Credentials=[PROTECTED], Authenticated=true, Details=WebAuthenticationDetails [RemoteIpAddress=0:0:0:0:0:0:0:1, SessionId=null], Granted Authorities=[ROLE_CONFECTIONER]]]
2023-02-23 23:54:44,433 INFO c.e.t.a.LoggerAspect [http-nio-9090-exec-2] Exit: class com.example.tortland.controller.UserController.getAllConfectioner() with result = users/viewAllConfectioners
2023-02-23 23:56:46,638 INFO o.s.o.j.AbstractEntityManagerFactoryBean [SpringApplicationShutdownHook] Closing JPA EntityManagerFactory for persistence unit 'default'
2023-02-23 23:56:46,639 INFO c.z.h.HikariDataSource [SpringApplicationShutdownHook] HikariPool-1 - Shutdown initiated...
2023-02-23 23:56:46,642 INFO c.z.h.HikariDataSource [SpringApplicationShutdownHook] HikariPool-1 - Shutdown completed.
