2023-02-21 18:56:34,718 INFO o.h.v.i.u.Version [background-preinit] HV000001: Hibernate Validator 6.2.5.Final
2023-02-21 18:56:34,737 INFO o.s.b.StartupInfoLogger [restartedMain] Starting TortLandApplication using Java 18.0.2 on DESKTOP-E1SLKID with PID 13416 (C:\Add\TortLand\target\classes started by MRCL in C:\Add\TortLand)
2023-02-21 18:56:34,740 INFO o.s.b.SpringApplication [restartedMain] No active profile set, falling back to 1 default profile: "default"
2023-02-21 18:56:34,890 INFO o.s.b.l.DeferredLog [restartedMain] Devtools property defaults active! Set 'spring.devtools.add-properties' to 'false' to disable
2023-02-21 18:56:34,890 INFO o.s.b.l.DeferredLog [restartedMain] For additional web related logging consider setting the 'logging.level.web' property to 'DEBUG'
2023-02-21 18:56:35,312 INFO o.s.d.r.c.RepositoryConfigurationDelegate [restartedMain] Multiple Spring Data modules found, entering strict repository configuration mode
2023-02-21 18:56:35,313 INFO o.s.d.r.c.RepositoryConfigurationDelegate [restartedMain] Bootstrapping Spring Data JDBC repositories in DEFAULT mode.
2023-02-21 18:56:35,331 INFO o.s.d.r.c.RepositoryConfigurationExtensionSupport [restartedMain] Spring Data JDBC - Could not safely identify store assignment for repository candidate interface com.example.tortland.repository.CakeRepository; If you want this repository to be a JDBC repository, consider annotating your entities with one of these annotations: org.springframework.data.relational.core.mapping.Table.
2023-02-21 18:56:35,333 INFO o.s.d.r.c.RepositoryConfigurationExtensionSupport [restartedMain] Spring Data JDBC - Could not safely identify store assignment for repository candidate interface com.example.tortland.repository.CustomOrderRepository; If you want this repository to be a JDBC repository, consider annotating your entities with one of these annotations: org.springframework.data.relational.core.mapping.Table.
2023-02-21 18:56:35,334 INFO o.s.d.r.c.RepositoryConfigurationExtensionSupport [restartedMain] Spring Data JDBC - Could not safely identify store assignment for repository candidate interface com.example.tortland.repository.FillingRepository; If you want this repository to be a JDBC repository, consider annotating your entities with one of these annotations: org.springframework.data.relational.core.mapping.Table.
2023-02-21 18:56:35,334 INFO o.s.d.r.c.RepositoryConfigurationExtensionSupport [restartedMain] Spring Data JDBC - Could not safely identify store assignment for repository candidate interface com.example.tortland.repository.ImageRepository; If you want this repository to be a JDBC repository, consider annotating your entities with one of these annotations: org.springframework.data.relational.core.mapping.Table.
2023-02-21 18:56:35,335 INFO o.s.d.r.c.RepositoryConfigurationExtensionSupport [restartedMain] Spring Data JDBC - Could not safely identify store assignment for repository candidate interface com.example.tortland.repository.OrderRepository; If you want this repository to be a JDBC repository, consider annotating your entities with one of these annotations: org.springframework.data.relational.core.mapping.Table.
2023-02-21 18:56:35,336 INFO o.s.d.r.c.RepositoryConfigurationExtensionSupport [restartedMain] Spring Data JDBC - Could not safely identify store assignment for repository candidate interface com.example.tortland.repository.RoleRepository; If you want this repository to be a JDBC repository, consider annotating your entities with one of these annotations: org.springframework.data.relational.core.mapping.Table.
2023-02-21 18:56:35,337 INFO o.s.d.r.c.RepositoryConfigurationExtensionSupport [restartedMain] Spring Data JDBC - Could not safely identify store assignment for repository candidate interface com.example.tortland.repository.UserRepository; If you want this repository to be a JDBC repository, consider annotating your entities with one of these annotations: org.springframework.data.relational.core.mapping.Table.
2023-02-21 18:56:35,337 INFO o.s.d.r.c.RepositoryConfigurationDelegate [restartedMain] Finished Spring Data repository scanning in 22 ms. Found 0 JDBC repository interfaces.
2023-02-21 18:56:35,341 INFO o.s.d.r.c.RepositoryConfigurationDelegate [restartedMain] Multiple Spring Data modules found, entering strict repository configuration mode
2023-02-21 18:56:35,342 INFO o.s.d.r.c.RepositoryConfigurationDelegate [restartedMain] Bootstrapping Spring Data JPA repositories in DEFAULT mode.
2023-02-21 18:56:35,368 INFO o.s.d.r.c.RepositoryConfigurationDelegate [restartedMain] Finished Spring Data repository scanning in 22 ms. Found 7 JPA repository interfaces.
2023-02-21 18:56:35,713 INFO o.s.b.w.e.t.TomcatWebServer [restartedMain] Tomcat initialized with port(s): 9090 (http)
2023-02-21 18:56:35,718 INFO o.a.j.l.DirectJDKLog [restartedMain] Initializing ProtocolHandler ["http-nio-9090"]
2023-02-21 18:56:35,718 INFO o.a.j.l.DirectJDKLog [restartedMain] Starting service [Tomcat]
2023-02-21 18:56:35,718 INFO o.a.j.l.DirectJDKLog [restartedMain] Starting Servlet engine: [Apache Tomcat/9.0.70]
2023-02-21 18:56:35,765 INFO o.a.j.l.DirectJDKLog [restartedMain] Initializing Spring embedded WebApplicationContext
2023-02-21 18:56:35,765 INFO o.s.b.w.s.c.ServletWebServerApplicationContext [restartedMain] Root WebApplicationContext: initialization completed in 874 ms
2023-02-21 18:56:35,860 INFO o.h.j.i.u.LogHelper [restartedMain] HHH000204: Processing PersistenceUnitInfo [name: default]
2023-02-21 18:56:35,885 INFO o.h.Version [restartedMain] HHH000412: Hibernate ORM core version 5.6.14.Final
2023-02-21 18:56:35,950 INFO o.h.a.c.r.j.JavaReflectionManager [restartedMain] HCANN000001: Hibernate Commons Annotations {5.1.2.Final}
2023-02-21 18:56:36,000 INFO c.z.h.HikariDataSource [restartedMain] HikariPool-1 - Starting...
2023-02-21 18:56:36,072 INFO c.z.h.HikariDataSource [restartedMain] HikariPool-1 - Start completed.
2023-02-21 18:56:36,083 INFO o.h.d.Dialect [restartedMain] HHH000400: Using dialect: org.hibernate.dialect.PostgreSQL10Dialect
2023-02-21 18:56:36,158 WARN o.h.b.i.InFlightMetadataCollectorImpl [restartedMain] HHH000069: Duplicate generator name default_generator
2023-02-21 18:56:36,161 WARN o.h.b.i.InFlightMetadataCollectorImpl [restartedMain] HHH000069: Duplicate generator name default_generator
2023-02-21 18:56:36,163 WARN o.h.b.i.InFlightMetadataCollectorImpl [restartedMain] HHH000069: Duplicate generator name default_generator
2023-02-21 18:56:36,165 WARN o.h.b.i.InFlightMetadataCollectorImpl [restartedMain] HHH000069: Duplicate generator name default_generator
2023-02-21 18:56:36,169 WARN o.h.b.i.InFlightMetadataCollectorImpl [restartedMain] HHH000069: Duplicate generator name default_generator
2023-02-21 18:56:36,596 INFO o.h.e.t.j.p.i.JtaPlatformInitiator [restartedMain] HHH000490: Using JtaPlatform implementation: [org.hibernate.engine.transaction.jta.platform.internal.NoJtaPlatform]
2023-02-21 18:56:36,600 INFO o.s.o.j.AbstractEntityManagerFactoryBean [restartedMain] Initialized JPA EntityManagerFactory for persistence unit 'default'
2023-02-21 18:56:37,059 INFO o.s.s.w.DefaultSecurityFilterChain [restartedMain] Will secure any request with [org.springframework.security.web.session.DisableEncodeUrlFilter@2be117de, org.springframework.security.web.context.request.async.WebAsyncManagerIntegrationFilter@3124a91b, org.springframework.security.web.context.SecurityContextPersistenceFilter@35ded584, org.springframework.security.web.header.HeaderWriterFilter@623037f6, org.springframework.security.web.authentication.logout.LogoutFilter@922fff0, org.springframework.security.web.authentication.UsernamePasswordAuthenticationFilter@1e386951, org.springframework.security.web.savedrequest.RequestCacheAwareFilter@2841e41f, org.springframework.security.web.servletapi.SecurityContextHolderAwareRequestFilter@3bdf4e2b, org.springframework.security.web.authentication.AnonymousAuthenticationFilter@6c8b2c8f, org.springframework.security.web.session.SessionManagementFilter@152313ae, org.springframework.security.web.access.ExceptionTranslationFilter@1f4a9caa, org.springframework.security.web.access.intercept.FilterSecurityInterceptor@156c51ce]
2023-02-21 18:56:37,128 WARN o.s.b.a.o.j.JpaBaseConfiguration$JpaWebConfiguration [restartedMain] spring.jpa.open-in-view is enabled by default. Therefore, database queries may be performed during view rendering. Explicitly configure spring.jpa.open-in-view to disable this warning
2023-02-21 18:56:37,204 INFO o.s.b.a.w.s.WelcomePageHandlerMapping [restartedMain] Adding welcome page template: index
2023-02-21 18:56:37,576 INFO o.s.b.d.a.OptionalLiveReloadServer [restartedMain] LiveReload server is running on port 35729
2023-02-21 18:56:37,588 INFO o.a.j.l.DirectJDKLog [restartedMain] Starting ProtocolHandler ["http-nio-9090"]
2023-02-21 18:56:37,600 INFO o.s.b.w.e.t.TomcatWebServer [restartedMain] Tomcat started on port(s): 9090 (http) with context path ''
2023-02-21 18:56:37,609 INFO o.s.b.StartupInfoLogger [restartedMain] Started TortLandApplication in 3.054 seconds (JVM running for 3.684)
2023-02-21 18:56:43,114 INFO o.a.j.l.DirectJDKLog [http-nio-9090-exec-1] Initializing Spring DispatcherServlet 'dispatcherServlet'
2023-02-21 18:56:43,114 INFO o.s.w.s.FrameworkServlet [http-nio-9090-exec-1] Initializing Servlet 'dispatcherServlet'
2023-02-21 18:56:43,115 INFO o.s.w.s.FrameworkServlet [http-nio-9090-exec-1] Completed initialization in 1 ms
2023-02-21 18:56:43,146 INFO c.e.t.a.LoggerAspect [http-nio-9090-exec-1] Enter: class com.example.tortland.controller.CustomOrderController.update() with arguments = [2, {}]
2023-02-21 18:56:43,222 INFO c.e.t.a.LoggerAspect [http-nio-9090-exec-1] Exit: class com.example.tortland.controller.CustomOrderController.update() with result = customOrders/updateCustomOrder
2023-02-21 18:57:11,741 INFO o.s.o.j.AbstractEntityManagerFactoryBean [SpringApplicationShutdownHook] Closing JPA EntityManagerFactory for persistence unit 'default'
2023-02-21 18:57:11,743 INFO c.z.h.HikariDataSource [SpringApplicationShutdownHook] HikariPool-1 - Shutdown initiated...
2023-02-21 18:57:11,744 INFO c.z.h.HikariDataSource [SpringApplicationShutdownHook] HikariPool-1 - Shutdown completed.
